#
# A fatal error has been detected by the Java Runtime Environment:
#
#  EXCEPTION_ACCESS_VIOLATION (0xc0000005) at pc=0x572c7f17, pid=11692, tid=6356
#
# JRE version: 7.0_11-b21
# Java VM: Java HotSpot(TM) Client VM (23.6-b04 mixed mode, sharing windows-x86 )
# Problematic frame:
# C  [GooglePinyin2.ime+0xa7f17]  DllRegisterServer+0x43d47
#
# Failed to write core dump. Minidumps are not enabled by default on client versions of Windows
#
# If you would like to submit a bug report, please visit:
#   http://bugreport.sun.com/bugreport/crash.jsp
# The crash happened outside the Java Virtual Machine in native code.
# See problematic frame for where to report the bug.
#

---------------  T H R E A D  ---------------

Current thread (0x04c87800):  JavaThread "AWT-Windows" daemon [_thread_in_native, id=6356, stack(0x04e50000,0x04ea0000)]

siginfo: ExceptionCode=0xc0000005, reading address 0x00000004

Registers:
EAX=0x0af1d740, EBX=0x0aeed5e0, ECX=0x00000000, EDX=0x00000002
ESP=0x04e9f3e0, EBP=0x04e9f418, ESI=0x0af1d740, EDI=0x00000002
EIP=0x572c7f17, EFLAGS=0x00010246

Top of Stack: (sp=0x04e9f3e0)
0x04e9f3e0:   00000001 572c56ba 003b0a52 0af1d740
0x04e9f3f0:   00000111 00000002 003b0a52 572c5c72
0x04e9f400:   0af1d740 04e9f418 00000001 00000111
0x04e9f410:   04e9f444 00000000 00000000 75897443
0x04e9f420:   003b0a52 00000111 00000002 003b0a52
0x04e9f430:   00000111 dcbaabcd 00000000 00000001
0x04e9f440:   00000111 04e9f4bc 75897630 572c5c20
0x04e9f450:   003b0a52 00000111 00000002 003b0a52 

Instructions: (pc=0x572c7f17)
0x572c7ef7:   d8 83 e8 01 83 c4 0c c3 83 c8 ff 83 c4 0c c3 cc
0x572c7f07:   cc cc cc cc cc cc cc cc cc 53 8b 58 04 8b 4b 50
0x572c7f17:   8b 49 04 56 57 52 e8 5e 96 ff ff 85 c0 74 29 8b
0x572c7f27:   70 1c 85 f6 74 22 83 78 18 10 72 05 8b 40 04 eb 


Register to memory mapping:

EAX=0x0af1d740 is an unknown value
EBX=0x0aeed5e0 is an unknown value
ECX=0x00000000 is an unknown value
EDX=0x00000002 is an unknown value
ESP=0x04e9f3e0 is pointing into the stack for thread: 0x04c87800
EBP=0x04e9f418 is pointing into the stack for thread: 0x04c87800
ESI=0x0af1d740 is an unknown value
EDI=0x00000002 is an unknown value


Stack: [0x04e50000,0x04ea0000],  sp=0x04e9f3e0,  free space=316k
Native frames: (J=compiled Java code, j=interpreted, Vv=VM code, C=native code)
C  [GooglePinyin2.ime+0xa7f17]  DllRegisterServer+0x43d47

Java frames: (J=compiled Java code, j=interpreted, Vv=VM code)
j  sun.awt.windows.WToolkit.eventLoop()V+0
j  sun.awt.windows.WToolkit.run()V+49
j  java.lang.Thread.run()V+11
v  ~StubRoutines::call_stub

---------------  P R O C E S S  ---------------

Java Threads: ( => current thread )
  0x07f5f400 JavaThread "Thread-0" daemon [_thread_in_native, id=3836, stack(0x05c50000,0x05ca0000)]
  0x07f5e400 JavaThread "TimerQueue" daemon [_thread_blocked, id=11152, stack(0x0ee40000,0x0ee90000)]
  0x07e21c00 JavaThread "NioProcessor-2" [_thread_in_native, id=320, stack(0x0ec00000,0x0ec50000)]
  0x07ea6c00 JavaThread "pool-2-thread-1" [_thread_blocked, id=4328, stack(0x0ebb0000,0x0ec00000)]
  0x07d4f000 JavaThread "Trident pulse source thread" daemon [_thread_blocked, id=10704, stack(0x082a0000,0x082f0000)]
  0x07d5ec00 JavaThread "Trident callback thread" daemon [_thread_blocked, id=9204, stack(0x08250000,0x082a0000)]
  0x07d31c00 JavaThread "Substance heap status" daemon [_thread_blocked, id=5616, stack(0x06780000,0x067d0000)]
  0x0246b000 JavaThread "DestroyJavaVM" [_thread_blocked, id=2712, stack(0x02300000,0x02350000)]
  0x04c8b000 JavaThread "AWT-EventQueue-0" [_thread_blocked, id=4964, stack(0x04f70000,0x04fc0000)]
=>0x04c87800 JavaThread "AWT-Windows" daemon [_thread_in_native, id=6356, stack(0x04e50000,0x04ea0000)]
  0x04c86c00 JavaThread "AWT-Shutdown" [_thread_blocked, id=7256, stack(0x04e00000,0x04e50000)]
  0x04c86000 JavaThread "Java2D Disposer" daemon [_thread_blocked, id=10580, stack(0x04db0000,0x04e00000)]
  0x02413000 JavaThread "Service Thread" daemon [_thread_blocked, id=9444, stack(0x04b10000,0x04b60000)]
  0x0240b400 JavaThread "C1 CompilerThread0" daemon [_thread_blocked, id=11612, stack(0x04ac0000,0x04b10000)]
  0x0240a000 JavaThread "Attach Listener" daemon [_thread_blocked, id=5588, stack(0x04a70000,0x04ac0000)]
  0x02407c00 JavaThread "Signal Dispatcher" daemon [_thread_blocked, id=9396, stack(0x04a20000,0x04a70000)]
  0x023e8400 JavaThread "Finalizer" daemon [_thread_blocked, id=8880, stack(0x049d0000,0x04a20000)]
  0x023e3800 JavaThread "Reference Handler" daemon [_thread_blocked, id=10324, stack(0x04980000,0x049d0000)]

Other Threads:
  0x023e2000 VMThread [stack: 0x04930000,0x04980000] [id=3536]
  0x02416800 WatcherThread [stack: 0x04b60000,0x04bb0000] [id=9500]

VM state:not at safepoint (normal execution)

VM Mutex/Monitor currently owned by a thread: None

Heap
 def new generation   total 9472K, used 555K [0x239f0000, 0x24430000, 0x28f40000)
  eden space 8448K,   3% used [0x239f0000, 0x23a37e48, 0x24230000)
  from space 1024K,  26% used [0x24330000, 0x24372f20, 0x24430000)
  to   space 1024K,   0% used [0x24230000, 0x24230000, 0x24330000)
 tenured generation   total 20948K, used 15081K [0x28f40000, 0x2a3b5000, 0x339f0000)
   the space 20948K,  71% used [0x28f40000, 0x29dfa770, 0x29dfa800, 0x2a3b5000)
 compacting perm gen  total 12288K, used 5880K [0x339f0000, 0x345f0000, 0x379f0000)
   the space 12288K,  47% used [0x339f0000, 0x33fae1c0, 0x33fae200, 0x345f0000)
    ro space 10240K,  42% used [0x379f0000, 0x37e30ce0, 0x37e30e00, 0x383f0000)
    rw space 12288K,  54% used [0x383f0000, 0x38a70e30, 0x38a71000, 0x38ff0000)

Card table byte_map: [0x04820000,0x048d0000] byte_map_base: 0x04703080

Polling page: 0x01020000

Code Cache  [0x027a0000, 0x02948000, 0x047a0000)
 total_blobs=1023 nmethods=742 adapters=215 free_code_cache=31091Kb largest_free_block=31836544

Compilation events (10 events):
Event: 61.945 Thread 0x0240b400  749             sun.awt.SunHints$Value::isCompatibleKey (14 bytes)
Event: 61.945 Thread 0x0240b400 nmethod 749 0x02941b08 code [0x02941c00, 0x02941c90]
Event: 61.946 Thread 0x0240b400  750             sun.awt.image.IntegerInterleavedRaster::getDataElements (154 bytes)
Event: 61.946 Thread 0x0240b400 nmethod 750 0x02941cc8 code [0x02941df0, 0x02942178]
Event: 61.948 Thread 0x0240b400  751             java.awt.image.DirectColorModel::isCompatibleRaster (93 bytes)
Event: 61.948 Thread 0x0240b400 nmethod 751 0x02942388 code [0x029424b0, 0x0294269c]
Event: 61.980 Thread 0x0240b400  752             sun.util.locale.LocaleUtils::isAlphaString (33 bytes)
Event: 61.980 Thread 0x0240b400 nmethod 752 0x02942948 code [0x02942a60, 0x02942c0c]
Event: 62.015 Thread 0x0240b400  753             org.pushingpixels.trident.Timeline$Chain::onTimelinePulse (169 bytes)
Event: 62.016 Thread 0x0240b400 nmethod 753 0x02942e08 code [0x02942fa0, 0x02943310]

GC Heap History (10 events):
Event: 3.263 GC heap before
{Heap before GC invocations=5 (full 0):
 def new generation   total 4928K, used 4928K [0x239f0000, 0x23f40000, 0x28f40000)
  eden space 4416K, 100% used [0x239f0000, 0x23e40000, 0x23e40000)
  from space 512K, 100% used [0x23ec0000, 0x23f40000, 0x23f40000)
  to   space 512K,   0% used [0x23e40000, 0x23e40000, 0x23ec0000)
 tenured generation   total 10944K, used 4710K [0x28f40000, 0x299f0000, 0x339f0000)
   the space 10944K,  43% used [0x28f40000, 0x293d9b10, 0x293d9c00, 0x299f0000)
 compacting perm gen  total 12288K, used 5284K [0x339f0000, 0x345f0000, 0x379f0000)
   the space 12288K,  43% used [0x339f0000, 0x33f19398, 0x33f19400, 0x345f0000)
    ro space 10240K,  42% used [0x379f0000, 0x37e30ce0, 0x37e30e00, 0x383f0000)
    rw space 12288K,  54% used [0x383f0000, 0x38a70e30, 0x38a71000, 0x38ff0000)
Event: 3.268 GC heap after
Heap after GC invocations=6 (full 0):
 def new generation   total 4928K, used 512K [0x239f0000, 0x23f40000, 0x28f40000)
  eden space 4416K,   0% used [0x239f0000, 0x239f0000, 0x23e40000)
  from space 512K, 100% used [0x23e40000, 0x23ec0000, 0x23ec0000)
  to   space 512K,   0% used [0x23ec0000, 0x23ec0000, 0x23f40000)
 tenured generation   total 10944K, used 5215K [0x28f40000, 0x299f0000, 0x339f0000)
   the space 10944K,  47% used [0x28f40000, 0x29457f40, 0x29458000, 0x299f0000)
 compacting perm gen  total 12288K, used 5284K [0x339f0000, 0x345f0000, 0x379f0000)
   the space 12288K,  43% used [0x339f0000, 0x33f19398, 0x33f19400, 0x345f0000)
    ro space 10240K,  42% used [0x379f0000, 0x37e30ce0, 0x37e30e00, 0x383f0000)
    rw space 12288K,  54% used [0x383f0000, 0x38a70e30, 0x38a71000, 0x38ff0000)
}
Event: 20.948 GC heap before
{Heap before GC invocations=6 (full 0):
 def new generation   total 4928K, used 4928K [0x239f0000, 0x23f40000, 0x28f40000)
  eden space 4416K, 100% used [0x239f0000, 0x23e40000, 0x23e40000)
  from space 512K, 100% used [0x23e40000, 0x23ec0000, 0x23ec0000)
  to   space 512K,   0% used [0x23ec0000, 0x23ec0000, 0x23f40000)
 tenured generation   total 10944K, used 5215K [0x28f40000, 0x299f0000, 0x339f0000)
   the space 10944K,  47% used [0x28f40000, 0x29457f40, 0x29458000, 0x299f0000)
 compacting perm gen  total 12288K, used 5684K [0x339f0000, 0x345f0000, 0x379f0000)
   the space 12288K,  46% used [0x339f0000, 0x33f7d328, 0x33f7d400, 0x345f0000)
    ro space 10240K,  42% used [0x379f0000, 0x37e30ce0, 0x37e30e00, 0x383f0000)
    rw space 12288K,  54% used [0x383f0000, 0x38a70e30, 0x38a71000, 0x38ff0000)
Event: 20.953 GC heap after
Heap after GC invocations=7 (full 0):
 def new generation   total 4928K, used 227K [0x239f0000, 0x23f40000, 0x28f40000)
  eden space 4416K,   0% used [0x239f0000, 0x239f0000, 0x23e40000)
  from space 512K,  44% used [0x23ec0000, 0x23ef8ea0, 0x23f40000)
  to   space 512K,   0% used [0x23e40000, 0x23e40000, 0x23ec0000)
 tenured generation   total 10944K, used 6918K [0x28f40000, 0x299f0000, 0x339f0000)
   the space 10944K,  63% used [0x28f40000, 0x296018b8, 0x29601a00, 0x299f0000)
 compacting perm gen  total 12288K, used 5684K [0x339f0000, 0x345f0000, 0x379f0000)
   the space 12288K,  46% used [0x339f0000, 0x33f7d328, 0x33f7d400, 0x345f0000)
    ro space 10240K,  42% used [0x379f0000, 0x37e30ce0, 0x37e30e00, 0x383f0000)
    rw space 12288K,  54% used [0x383f0000, 0x38a70e30, 0x38a71000, 0x38ff0000)
}
Event: 21.023 GC heap before
{Heap before GC invocations=7 (full 0):
 def new generation   total 4928K, used 1232K [0x239f0000, 0x23f40000, 0x28f40000)
  eden space 4416K,  22% used [0x239f0000, 0x23aeb378, 0x23e40000)
  from space 512K,  44% used [0x23ec0000, 0x23ef8ea0, 0x23f40000)
  to   space 512K,   0% used [0x23e40000, 0x23e40000, 0x23ec0000)
 tenured generation   total 10944K, used 6918K [0x28f40000, 0x299f0000, 0x339f0000)
   the space 10944K,  63% used [0x28f40000, 0x296018b8, 0x29601a00, 0x299f0000)
 compacting perm gen  total 12288K, used 5796K [0x339f0000, 0x345f0000, 0x379f0000)
   the space 12288K,  47% used [0x339f0000, 0x33f99190, 0x33f99200, 0x345f0000)
    ro space 10240K,  42% used [0x379f0000, 0x37e30ce0, 0x37e30e00, 0x383f0000)
    rw space 12288K,  54% used [0x383f0000, 0x38a70e30, 0x38a71000, 0x38ff0000)
Event: 21.060 GC heap after
Heap after GC invocations=8 (full 1):
 def new generation   total 4992K, used 0K [0x239f0000, 0x23f50000, 0x28f40000)
  eden space 4480K,   0% used [0x239f0000, 0x239f0000, 0x23e50000)
  from space 512K,   0% used [0x23e50000, 0x23e50000, 0x23ed0000)
  to   space 512K,   0% used [0x23ed0000, 0x23ed0000, 0x23f50000)
 tenured generation   total 10944K, used 5134K [0x28f40000, 0x299f0000, 0x339f0000)
   the space 10944K,  46% used [0x28f40000, 0x29443810, 0x29443a00, 0x299f0000)
 compacting perm gen  total 12288K, used 5796K [0x339f0000, 0x345f0000, 0x379f0000)
   the space 12288K,  47% used [0x339f0000, 0x33f99190, 0x33f99200, 0x345f0000)
    ro space 10240K,  42% used [0x379f0000, 0x37e30ce0, 0x37e30e00, 0x383f0000)
    rw space 12288K,  54% used [0x383f0000, 0x38a70e30, 0x38a71000, 0x38ff0000)
}
Event: 29.791 GC heap before
{Heap before GC invocations=8 (full 1):
 def new generation   total 4992K, used 1357K [0x239f0000, 0x23f50000, 0x28f40000)
  eden space 4480K,  30% used [0x239f0000, 0x23b43688, 0x23e50000)
  from space 512K,   0% used [0x23e50000, 0x23e50000, 0x23ed0000)
  to   space 512K,   0% used [0x23ed0000, 0x23ed0000, 0x23f50000)
 tenured generation   total 20948K, used 15134K [0x28f40000, 0x2a3b5000, 0x339f0000)
   the space 20948K,  72% used [0x28f40000, 0x29e07820, 0x29e07a00, 0x2a3b5000)
 compacting perm gen  total 12288K, used 5859K [0x339f0000, 0x345f0000, 0x379f0000)
   the space 12288K,  47% used [0x339f0000, 0x33fa8e80, 0x33fa9000, 0x345f0000)
    ro space 10240K,  42% used [0x379f0000, 0x37e30ce0, 0x37e30e00, 0x383f0000)
    rw space 12288K,  54% used [0x383f0000, 0x38a70e30, 0x38a71000, 0x38ff0000)
Event: 29.826 GC heap after
Heap after GC invocations=9 (full 2):
 def new generation   total 9472K, used 0K [0x239f0000, 0x24430000, 0x28f40000)
  eden space 8448K,   0% used [0x239f0000, 0x239f0000, 0x24230000)
  from space 1024K,   0% used [0x24230000, 0x24230000, 0x24330000)
  to   space 1024K,   0% used [0x24330000, 0x24330000, 0x24430000)
 tenured generation   total 20948K, used 5081K [0x28f40000, 0x2a3b5000, 0x339f0000)
   the space 20948K,  24% used [0x28f40000, 0x29436760, 0x29436800, 0x2a3b5000)
 compacting perm gen  total 12288K, used 5859K [0x339f0000, 0x345f0000, 0x379f0000)
   the space 12288K,  47% used [0x339f0000, 0x33fa8e80, 0x33fa9000, 0x345f0000)
    ro space 10240K,  42% used [0x379f0000, 0x37e30ce0, 0x37e30e00, 0x383f0000)
    rw space 12288K,  54% used [0x383f0000, 0x38a70e30, 0x38a71000, 0x38ff0000)
}
Event: 62.016 GC heap before
{Heap before GC invocations=9 (full 2):
 def new generation   total 9472K, used 8448K [0x239f0000, 0x24430000, 0x28f40000)
  eden space 8448K, 100% used [0x239f0000, 0x24230000, 0x24230000)
  from space 1024K,   0% used [0x24230000, 0x24230000, 0x24330000)
  to   space 1024K,   0% used [0x24330000, 0x24330000, 0x24430000)
 tenured generation   total 20948K, used 15081K [0x28f40000, 0x2a3b5000, 0x339f0000)
   the space 20948K,  71% used [0x28f40000, 0x29dfa770, 0x29dfa800, 0x2a3b5000)
 compacting perm gen  total 12288K, used 5880K [0x339f0000, 0x345f0000, 0x379f0000)
   the space 12288K,  47% used [0x339f0000, 0x33fae1c0, 0x33fae200, 0x345f0000)
    ro space 10240K,  42% used [0x379f0000, 0x37e30ce0, 0x37e30e00, 0x383f0000)
    rw space 12288K,  54% used [0x383f0000, 0x38a70e30, 0x38a71000, 0x38ff0000)
Event: 62.018 GC heap after
Heap after GC invocations=10 (full 2):
 def new generation   total 9472K, used 267K [0x239f0000, 0x24430000, 0x28f40000)
  eden space 8448K,   0% used [0x239f0000, 0x239f0000, 0x24230000)
  from space 1024K,  26% used [0x24330000, 0x24372f20, 0x24430000)
  to   space 1024K,   0% used [0x24230000, 0x24230000, 0x24330000)
 tenured generation   total 20948K, used 15081K [0x28f40000, 0x2a3b5000, 0x339f0000)
   the space 20948K,  71% used [0x28f40000, 0x29dfa770, 0x29dfa800, 0x2a3b5000)
 compacting perm gen  total 12288K, used 5880K [0x339f0000, 0x345f0000, 0x379f0000)
   the space 12288K,  47% used [0x339f0000, 0x33fae1c0, 0x33fae200, 0x345f0000)
    ro space 10240K,  42% used [0x379f0000, 0x37e30ce0, 0x37e30e00, 0x383f0000)
    rw space 12288K,  54% used [0x383f0000, 0x38a70e30, 0x38a71000, 0x38ff0000)
}

Deoptimization events (0 events):
No events

Internal exceptions (10 events):
Event: 21.069 Thread 0x07e21c00 Threw 0x23a079f8 at C:\jdk7u1_32P\jdk7u11\hotspot\src\share\vm\prims\jvm.cpp:1166
Event: 21.070 Thread 0x07e21c00 Threw 0x23a29ca0 at C:\jdk7u1_32P\jdk7u11\hotspot\src\share\vm\prims\jvm.cpp:1166
Event: 21.072 Thread 0x07e21c00 Threw 0x23a2ecc0 at C:\jdk7u1_32P\jdk7u11\hotspot\src\share\vm\prims\jvm.cpp:1166
Event: 46.332 Thread 0x04c8b000 Threw 0x23b0bd28 at C:\jdk7u1_32P\jdk7u11\hotspot\src\share\vm\prims\jvm.cpp:1166
Event: 58.474 Thread 0x04c8b000 Threw 0x23bd3850 at C:\jdk7u1_32P\jdk7u11\hotspot\src\share\vm\prims\jvm.cpp:1166
Event: 58.475 Thread 0x04c8b000 Threw 0x23bd7970 at C:\jdk7u1_32P\jdk7u11\hotspot\src\share\vm\prims\jvm.cpp:1166
Event: 58.475 Thread 0x04c8b000 Threw 0x23bdcaa8 at C:\jdk7u1_32P\jdk7u11\hotspot\src\share\vm\prims\jvm.cpp:1166
Event: 58.476 Thread 0x04c8b000 Threw 0x23be2980 at C:\jdk7u1_32P\jdk7u11\hotspot\src\share\vm\prims\jvm.cpp:1166
Event: 60.681 Thread 0x04c8b000 Threw 0x23f6f588 at C:\jdk7u1_32P\jdk7u11\hotspot\src\share\vm\prims\jvm.cpp:1166
Event: 61.947 Thread 0x04c8b000 Threw 0x24159218 at C:\jdk7u1_32P\jdk7u11\hotspot\src\share\vm\prims\jvm.cpp:1166

Events (10 events):
Event: 61.947 loading class 0x04cc9628
Event: 61.947 loading class 0x04cc9628 done
Event: 61.975 Executing VM operation: RevokeBias
Event: 61.975 Executing VM operation: RevokeBias done
Event: 62.016 Executing VM operation: GenCollectForAllocation
Event: 62.018 Executing VM operation: GenCollectForAllocation done
Event: 62.040 Thread 0x07f5dc00 Thread added: 0x07f5dc00
Event: 62.040 Thread 0x07f5f400 Thread added: 0x07f5f400
Event: 62.040 Thread 0x07f5dc00 Thread exited: 0x07f5dc00
Event: 62.041 Thread 0x07e76800 Thread exited: 0x07e76800


Dynamic libraries:
0x00cc0000 - 0x00cef000 	D:\Program Files\Java\jre7\bin\javaw.exe
0x76ee0000 - 0x77047000 	C:\Windows\SYSTEM32\ntdll.dll
0x74960000 - 0x74a58000 	C:\Windows\system32\KERNEL32.DLL
0x74850000 - 0x7490d000 	C:\Windows\system32\KERNELBASE.dll
0x73940000 - 0x739e7000 	C:\Windows\system32\apphelp.dll
0x64f10000 - 0x65180000 	C:\Windows\AppPatch\AcLayers.DLL
0x75660000 - 0x75711000 	C:\Windows\system32\msvcrt.dll
0x75890000 - 0x759b1000 	C:\Windows\system32\USER32.dll
0x74c20000 - 0x74d2a000 	C:\Windows\system32\GDI32.dll
0x75ce0000 - 0x76da6000 	C:\Windows\system32\SHELL32.dll
0x75b70000 - 0x75bb0000 	C:\Windows\system32\SHLWAPI.dll
0x75c10000 - 0x75c9b000 	C:\Windows\system32\OLEAUT32.dll
0x72230000 - 0x72243000 	C:\Windows\SYSTEM32\MPR.dll
0x75030000 - 0x751df000 	C:\Windows\system32\SETUPAPI.dll
0x6cf80000 - 0x6cf83000 	C:\Windows\SYSTEM32\sfc.dll
0x738d0000 - 0x73930000 	C:\Windows\SYSTEM32\WINSPOOL.DRV
0x754d0000 - 0x755a2000 	C:\Windows\system32\RPCRT4.dll
0x751e0000 - 0x75316000 	C:\Windows\SYSTEM32\combase.dll
0x74800000 - 0x74846000 	C:\Windows\system32\CFGMGR32.dll
0x747e0000 - 0x747fe000 	C:\Windows\system32\DEVOBJ.dll
0x6dc00000 - 0x6dc0e000 	C:\Windows\SYSTEM32\sfc_os.DLL
0x75320000 - 0x7534b000 	C:\Windows\system32\IMM32.DLL
0x74d30000 - 0x74e0d000 	C:\Windows\system32\MSCTF.dll
0x755b0000 - 0x7565e000 	C:\Windows\system32\ADVAPI32.dll
0x728a0000 - 0x72a97000 	C:\Windows\WinSxS\x86_microsoft.windows.common-controls_6595b64144ccf1df_6.0.9200.16384_none_893961408605e985\COMCTL32.dll
0x75ca0000 - 0x75cd4000 	C:\Windows\SYSTEM32\sechost.dll
0x6e350000 - 0x6e40e000 	D:\Program Files\Java\jre7\bin\msvcr100.dll
0x6e000000 - 0x6e34c000 	D:\Program Files\Java\jre7\bin\client\jvm.dll
0x6ec80000 - 0x6ec88000 	C:\Windows\SYSTEM32\WSOCK32.dll
0x6fd80000 - 0x6fda1000 	C:\Windows\SYSTEM32\WINMM.dll
0x75a40000 - 0x75a46000 	C:\Windows\system32\PSAPI.DLL
0x75380000 - 0x753d0000 	C:\Windows\system32\WS2_32.dll
0x6fd50000 - 0x6fd7a000 	C:\Windows\SYSTEM32\WINMMBASE.dll
0x75370000 - 0x75378000 	C:\Windows\system32\NSI.dll
0x6dff0000 - 0x6dffc000 	D:\Program Files\Java\jre7\bin\verify.dll
0x6dfd0000 - 0x6dff0000 	D:\Program Files\Java\jre7\bin\java.dll
0x6dfb0000 - 0x6dfc3000 	D:\Program Files\Java\jre7\bin\zip.dll
0x6c310000 - 0x6c452000 	D:\Program Files\Java\jre7\bin\awt.dll
0x735d0000 - 0x73677000 	C:\Windows\system32\uxtheme.dll
0x10000000 - 0x1007a000 	C:\Program Files\kingsoft\kingsoft antivirus\kwsui.dll
0x75a50000 - 0x75b69000 	C:\Windows\system32\ole32.dll
0x73930000 - 0x73938000 	C:\Windows\SYSTEM32\VERSION.dll
0x05a50000 - 0x05ba5000 	c:\program files\kingsoft\ksafe\ksfmon.dll
0x72c20000 - 0x72c39000 	C:\Windows\SYSTEM32\dwmapi.dll
0x743b0000 - 0x743b9000 	C:\Windows\SYSTEM32\CRYPTBASE.dll
0x74350000 - 0x743a1000 	C:\Windows\SYSTEM32\bcryptPrimitives.dll
0x759c0000 - 0x75a35000 	C:\Windows\SYSTEM32\shcore.dll
0x65300000 - 0x6532a000 	D:\Program Files\Java\jre7\bin\fontmanager.dll
0x6df90000 - 0x6dfa4000 	D:\Program Files\Java\jre7\bin\net.dll
0x73ed0000 - 0x73f1a000 	C:\Windows\system32\mswsock.dll
0x6df80000 - 0x6df8f000 	D:\Program Files\Java\jre7\bin\nio.dll
0x66d30000 - 0x66ee5000 	C:\Windows\system32\d3d9.dll
0x61860000 - 0x626ce000 	C:\Windows\SYSTEM32\nvd3dum.dll
0x744d0000 - 0x7450f000 	C:\Windows\SYSTEM32\powrprof.dll
0x07af0000 - 0x07bfa000 	C:\Program Files\NVIDIA Corporation\3D Vision\nvSCPAPI.dll
0x63d60000 - 0x63d84000 	D:\Program Files\Java\jre7\bin\dcpr.dll
0x74e10000 - 0x74e84000 	C:\Windows\SYSTEM32\clbcatq.dll
0x71710000 - 0x71856000 	C:\Windows\SYSTEM32\WindowsCodecs.dll
0x74520000 - 0x74531000 	C:\Windows\SYSTEM32\profapi.dll
0x63bb0000 - 0x63be1000 	D:\Program Files\Java\jre7\bin\t2k.dll
0x57220000 - 0x57572000 	C:\Windows\SYSTEM32\GooglePinyin2.ime
0x74650000 - 0x747d8000 	C:\Windows\system32\CRYPT32.dll
0x65330000 - 0x65344000 	C:\Windows\SYSTEM32\USP10.dll
0x74910000 - 0x74953000 	C:\Windows\system32\WINTRUST.dll
0x6eda0000 - 0x6eda6000 	C:\Windows\SYSTEM32\MSIMG32.dll
0x75720000 - 0x75883000 	C:\Windows\WinSxS\x86_microsoft.windows.gdiplus_6595b64144ccf1df_1.1.9200.16384_none_ba245425e0986353\gdiplus.dll
0x72590000 - 0x726b9000 	C:\Windows\SYSTEM32\dbghelp.dll
0x73d10000 - 0x73d2b000 	C:\Windows\SYSTEM32\USERENV.dll
0x74a60000 - 0x74c19000 	C:\Windows\system32\WININET.dll
0x745a0000 - 0x745b2000 	C:\Windows\system32\MSASN1.dll
0x74e90000 - 0x75030000 	C:\Windows\system32\iertutil.dll
0x737c0000 - 0x737e6000 	C:\Windows\SYSTEM32\ntmarta.dll
0x74320000 - 0x74343000 	C:\Windows\SYSTEM32\SspiCli.dll
0x6eb10000 - 0x6ec74000 	C:\Windows\System32\msxml3.dll
0x71a10000 - 0x71b6f000 	C:\Windows\SYSTEM32\DWrite.dll
0x73f20000 - 0x73f3a000 	C:\Windows\SYSTEM32\CRYPTSP.dll
0x73c40000 - 0x73c7e000 	C:\Windows\system32\rsaenh.dll
0x6d8f0000 - 0x6d8fa000 	D:\Program Files\Java\jre7\bin\management.dll
0x70570000 - 0x70580000 	C:\Windows\system32\napinsp.dll
0x70550000 - 0x70564000 	C:\Windows\system32\pnrpnsp.dll
0x72da0000 - 0x72db0000 	C:\Windows\system32\NLAapi.dll
0x73d60000 - 0x73dd5000 	C:\Windows\SYSTEM32\DNSAPI.dll
0x70540000 - 0x70549000 	C:\Windows\System32\winrnr.dll
0x70450000 - 0x70457000 	C:\Windows\System32\rasadhlp.dll
0x71d20000 - 0x71d40000 	C:\Windows\SYSTEM32\IPHLPAPI.DLL
0x71cd0000 - 0x71cd8000 	C:\Windows\SYSTEM32\WINNSI.DLL
0x71be0000 - 0x71c1f000 	C:\Windows\System32\fwpuclnt.dll
0x5b790000 - 0x5b81e000 	D:\Program Files\Java\jre7\bin\mlib_image.dll

VM Arguments:
jvm_args: -Dfile.encoding=UTF-8 
java_command: ekaiser.nzlov.ekaisermanage.main.ClientMain
Launcher Type: SUN_STANDARD

Environment Variables:
JAVA_HOME=D:\Program Files\Java\jdk1.7.0_05
CLASSPATH=.;D:\Program Files\Java\jdk1.7.0_05\lib\dt.jar;D:\Program Files\Java\jdk1.7.0_05\lib\tools.jar
PATH=D:/Program Files/Java/jre7/bin/client;D:/Program Files/Java/jre7/bin;D:/Program Files/Java/jre7/lib/i386;C:\Program Files\NVIDIA Corporation\PhysX\Common;C:\Windows\system32;C:\Windows;C:\Windows\System32\Wbem;C:\Windows\System32\WindowsPowerShell\v1.0\;D:\Program Files\Java\jdk1.7.0_05\bin;C:\Program Files\MySQL\MySQL Server 5.5\bin;D:\Program Files\eclipse;
USERNAME=nzlov
OS=Windows_NT
PROCESSOR_IDENTIFIER=x86 Family 6 Model 37 Stepping 5, GenuineIntel



---------------  S Y S T E M  ---------------

OS: Windows 8 Build 9200 

CPU:total 4 (2 cores per cpu, 2 threads per core) family 6 model 37 stepping 5, cmov, cx8, fxsr, mmx, sse, sse2, sse3, ssse3, sse4.1, sse4.2, popcnt, ht, tsc, tscinvbit

Memory: 4k page, physical 3136008k(906124k free), swap 6281736k(2107744k free)

vm_info: Java HotSpot(TM) Client VM (23.6-b04) for windows-x86 JRE (1.7.0_11-b21), built on Jan 12 2013 02:19:22 by "java_re" with unknown MS VC++:1600

time: Wed Jan 23 14:40:33 2013
elapsed time: 62 seconds

