#
# A fatal error has been detected by the Java Runtime Environment:
#
#  EXCEPTION_ACCESS_VIOLATION (0xc0000005) at pc=0x572c7f17, pid=7832, tid=10964
#
# JRE version: 7.0_11-b21
# Java VM: Java HotSpot(TM) Client VM (23.6-b04 mixed mode, sharing windows-x86 )
# Problematic frame:
# C  [GooglePinyin2.ime+0xa7f17]  DllRegisterServer+0x43d47
#
# Failed to write core dump. Minidumps are not enabled by default on client versions of Windows
#
# If you would like to submit a bug report, please visit:
#   http://bugreport.sun.com/bugreport/crash.jsp
# The crash happened outside the Java Virtual Machine in native code.
# See problematic frame for where to report the bug.
#

---------------  T H R E A D  ---------------

Current thread (0x04e14000):  JavaThread "AWT-Windows" daemon [_thread_in_native, id=10964, stack(0x04fe0000,0x05030000)]

siginfo: ExceptionCode=0xc0000005, reading address 0x00000004

Registers:
EAX=0x0b0dd600, EBX=0x0b0ad5e0, ECX=0x00000000, EDX=0x00000002
ESP=0x0502f430, EBP=0x0502f468, ESI=0x0b0dd600, EDI=0x00000002
EIP=0x572c7f17, EFLAGS=0x00010246

Top of Stack: (sp=0x0502f430)
0x0502f430:   00000001 572c56ba 00420bd6 0b0dd600
0x0502f440:   00000111 00000002 00420bd6 572c5c72
0x0502f450:   0b0dd600 0502f468 00000001 00000111
0x0502f460:   0502f494 00000000 00000000 75897443
0x0502f470:   00420bd6 00000111 00000002 00420bd6
0x0502f480:   00000111 dcbaabcd 00000000 00000001
0x0502f490:   00000111 0502f50c 75897630 572c5c20
0x0502f4a0:   00420bd6 00000111 00000002 00420bd6 

Instructions: (pc=0x572c7f17)
0x572c7ef7:   d8 83 e8 01 83 c4 0c c3 83 c8 ff 83 c4 0c c3 cc
0x572c7f07:   cc cc cc cc cc cc cc cc cc 53 8b 58 04 8b 4b 50
0x572c7f17:   8b 49 04 56 57 52 e8 5e 96 ff ff 85 c0 74 29 8b
0x572c7f27:   70 1c 85 f6 74 22 83 78 18 10 72 05 8b 40 04 eb 


Register to memory mapping:

EAX=0x0b0dd600 is an unknown value
EBX=0x0b0ad5e0 is an unknown value
ECX=0x00000000 is an unknown value
EDX=0x00000002 is an unknown value
ESP=0x0502f430 is pointing into the stack for thread: 0x04e14000
EBP=0x0502f468 is pointing into the stack for thread: 0x04e14000
ESI=0x0b0dd600 is an unknown value
EDI=0x00000002 is an unknown value


Stack: [0x04fe0000,0x05030000],  sp=0x0502f430,  free space=317k
Native frames: (J=compiled Java code, j=interpreted, Vv=VM code, C=native code)
C  [GooglePinyin2.ime+0xa7f17]  DllRegisterServer+0x43d47

Java frames: (J=compiled Java code, j=interpreted, Vv=VM code)
j  sun.awt.windows.WToolkit.eventLoop()V+0
j  sun.awt.windows.WToolkit.run()V+49
j  java.lang.Thread.run()V+11
v  ~StubRoutines::call_stub

---------------  P R O C E S S  ---------------

Java Threads: ( => current thread )
  0x0807f000 JavaThread "Thread-0" daemon [_thread_in_native, id=2344, stack(0x0fcd0000,0x0fd20000)]
  0x0807bc00 JavaThread "TimerQueue" daemon [_thread_blocked, id=10368, stack(0x0efc0000,0x0f010000)]
  0x07f63000 JavaThread "D3D Screen Updater" daemon [_thread_in_native, id=6400, stack(0x0ede0000,0x0ee30000)]
  0x07faf800 JavaThread "NioProcessor-2" [_thread_in_native, id=12072, stack(0x0ed90000,0x0ede0000)]
  0x07fac000 JavaThread "pool-2-thread-1" [_thread_blocked, id=4784, stack(0x0ed40000,0x0ed90000)]
  0x07e6e000 JavaThread "Trident pulse source thread" daemon [_thread_blocked, id=12032, stack(0x08430000,0x08480000)]
  0x07e5cc00 JavaThread "Trident callback thread" daemon [_thread_blocked, id=11316, stack(0x083e0000,0x08430000)]
  0x07e4d000 JavaThread "Substance heap status" daemon [_thread_blocked, id=11496, stack(0x07d50000,0x07da0000)]
  0x0249b000 JavaThread "DestroyJavaVM" [_thread_blocked, id=9504, stack(0x02440000,0x02490000)]
  0x04e16800 JavaThread "AWT-EventQueue-0" [_thread_blocked, id=9196, stack(0x05b00000,0x05b50000)]
=>0x04e14000 JavaThread "AWT-Windows" daemon [_thread_in_native, id=10964, stack(0x04fe0000,0x05030000)]
  0x04e13800 JavaThread "AWT-Shutdown" [_thread_blocked, id=1840, stack(0x04f90000,0x04fe0000)]
  0x04e13000 JavaThread "Java2D Disposer" daemon [_thread_blocked, id=8236, stack(0x04f40000,0x04f90000)]
  0x028a3000 JavaThread "Service Thread" daemon [_thread_blocked, id=5144, stack(0x04ca0000,0x04cf0000)]
  0x0289d400 JavaThread "C1 CompilerThread0" daemon [_thread_blocked, id=3760, stack(0x04c50000,0x04ca0000)]
  0x0289a000 JavaThread "Attach Listener" daemon [_thread_blocked, id=2136, stack(0x04c00000,0x04c50000)]
  0x02897c00 JavaThread "Signal Dispatcher" daemon [_thread_blocked, id=11996, stack(0x04bb0000,0x04c00000)]
  0x02878400 JavaThread "Finalizer" daemon [_thread_blocked, id=9928, stack(0x04b60000,0x04bb0000)]
  0x02873800 JavaThread "Reference Handler" daemon [_thread_blocked, id=11712, stack(0x04b10000,0x04b60000)]

Other Threads:
  0x02872000 VMThread [stack: 0x04ac0000,0x04b10000] [id=12152]
  0x028c8000 WatcherThread [stack: 0x04cf0000,0x04d40000] [id=11684]

VM state:not at safepoint (normal execution)

VM Mutex/Monitor currently owned by a thread: None

Heap
 def new generation   total 9472K, used 7636K [0x239f0000, 0x24430000, 0x28f40000)
  eden space 8448K,  90% used [0x239f0000, 0x24165370, 0x24230000)
  from space 1024K,   0% used [0x24230000, 0x24230000, 0x24330000)
  to   space 1024K,   0% used [0x24330000, 0x24330000, 0x24430000)
 tenured generation   total 20948K, used 14967K [0x28f40000, 0x2a3b5000, 0x339f0000)
   the space 20948K,  71% used [0x28f40000, 0x29ddde98, 0x29dde000, 0x2a3b5000)
 compacting perm gen  total 12288K, used 5880K [0x339f0000, 0x345f0000, 0x379f0000)
   the space 12288K,  47% used [0x339f0000, 0x33fae110, 0x33fae200, 0x345f0000)
    ro space 10240K,  42% used [0x379f0000, 0x37e30ce0, 0x37e30e00, 0x383f0000)
    rw space 12288K,  54% used [0x383f0000, 0x38a70e30, 0x38a71000, 0x38ff0000)

Card table byte_map: [0x04960000,0x04a10000] byte_map_base: 0x04843080

Polling page: 0x027b0000

Code Cache  [0x028e0000, 0x02a70000, 0x048e0000)
 total_blobs=1019 nmethods=738 adapters=215 free_code_cache=31170Kb largest_free_block=31917568

Compilation events (10 events):
Event: 40.771 Thread 0x0289d400  744             sun.java2d.pipe.RenderBuffer::putDouble (26 bytes)
Event: 40.771 Thread 0x0289d400 nmethod 744 0x02a6e608 code [0x02a6e700, 0x02a6e7a0]
Event: 40.833 Thread 0x0289d400  745             java.lang.ref.WeakReference::<init> (6 bytes)
Event: 40.833 Thread 0x0289d400 nmethod 745 0x02a6e808 code [0x02a6e900, 0x02a6e9a0]
Event: 40.838 Thread 0x0289d400  746             sun.java2d.SurfaceData::canRenderParallelograms (146 bytes)
Event: 40.838 Thread 0x0289d400 nmethod 746 0x02a6ea08 code [0x02a6eb30, 0x02a6ed28]
Event: 40.850 Thread 0x0289d400  747             org.pushingpixels.trident.Timeline$Chain::onTimelineStateChanged (178 bytes)
Event: 40.850 Thread 0x0289d400 nmethod 747 0x02a6ee48 code [0x02a6eff0, 0x02a6f37c]
Event: 40.891 Thread 0x0289d400  748             sun.awt.SunHints$Key::isCompatibleValue (18 bytes)
Event: 40.891 Thread 0x0289d400 nmethod 748 0x02a6f788 code [0x02a6f880, 0x02a6f980]

GC Heap History (10 events):
Event: 1.131 GC heap before
{Heap before GC invocations=3 (full 0):
 def new generation   total 4928K, used 4928K [0x239f0000, 0x23f40000, 0x28f40000)
  eden space 4416K, 100% used [0x239f0000, 0x23e40000, 0x23e40000)
  from space 512K, 100% used [0x23ec0000, 0x23f40000, 0x23f40000)
  to   space 512K,   0% used [0x23e40000, 0x23e40000, 0x23ec0000)
 tenured generation   total 10944K, used 2878K [0x28f40000, 0x299f0000, 0x339f0000)
   the space 10944K,  26% used [0x28f40000, 0x2920f810, 0x2920fa00, 0x299f0000)
 compacting perm gen  total 12288K, used 3358K [0x339f0000, 0x345f0000, 0x379f0000)
   the space 12288K,  27% used [0x339f0000, 0x33d37a40, 0x33d37c00, 0x345f0000)
    ro space 10240K,  42% used [0x379f0000, 0x37e30ce0, 0x37e30e00, 0x383f0000)
    rw space 12288K,  54% used [0x383f0000, 0x38a70e30, 0x38a71000, 0x38ff0000)
Event: 1.136 GC heap after
Heap after GC invocations=4 (full 0):
 def new generation   total 4928K, used 512K [0x239f0000, 0x23f40000, 0x28f40000)
  eden space 4416K,   0% used [0x239f0000, 0x239f0000, 0x23e40000)
  from space 512K, 100% used [0x23e40000, 0x23ec0000, 0x23ec0000)
  to   space 512K,   0% used [0x23ec0000, 0x23ec0000, 0x23f40000)
 tenured generation   total 10944K, used 3854K [0x28f40000, 0x299f0000, 0x339f0000)
   the space 10944K,  35% used [0x28f40000, 0x29303938, 0x29303a00, 0x299f0000)
 compacting perm gen  total 12288K, used 3358K [0x339f0000, 0x345f0000, 0x379f0000)
   the space 12288K,  27% used [0x339f0000, 0x33d37a40, 0x33d37c00, 0x345f0000)
    ro space 10240K,  42% used [0x379f0000, 0x37e30ce0, 0x37e30e00, 0x383f0000)
    rw space 12288K,  54% used [0x383f0000, 0x38a70e30, 0x38a71000, 0x38ff0000)
}
Event: 1.235 GC heap before
{Heap before GC invocations=4 (full 0):
 def new generation   total 4928K, used 4928K [0x239f0000, 0x23f40000, 0x28f40000)
  eden space 4416K, 100% used [0x239f0000, 0x23e40000, 0x23e40000)
  from space 512K, 100% used [0x23e40000, 0x23ec0000, 0x23ec0000)
  to   space 512K,   0% used [0x23ec0000, 0x23ec0000, 0x23f40000)
 tenured generation   total 10944K, used 3854K [0x28f40000, 0x299f0000, 0x339f0000)
   the space 10944K,  35% used [0x28f40000, 0x29303938, 0x29303a00, 0x299f0000)
 compacting perm gen  total 12288K, used 4094K [0x339f0000, 0x345f0000, 0x379f0000)
   the space 12288K,  33% used [0x339f0000, 0x33defb48, 0x33defc00, 0x345f0000)
    ro space 10240K,  42% used [0x379f0000, 0x37e30ce0, 0x37e30e00, 0x383f0000)
    rw space 12288K,  54% used [0x383f0000, 0x38a70e30, 0x38a71000, 0x38ff0000)
Event: 1.239 GC heap after
Heap after GC invocations=5 (full 0):
 def new generation   total 4928K, used 512K [0x239f0000, 0x23f40000, 0x28f40000)
  eden space 4416K,   0% used [0x239f0000, 0x239f0000, 0x23e40000)
  from space 512K, 100% used [0x23ec0000, 0x23f40000, 0x23f40000)
  to   space 512K,   0% used [0x23e40000, 0x23e40000, 0x23ec0000)
 tenured generation   total 10944K, used 4700K [0x28f40000, 0x299f0000, 0x339f0000)
   the space 10944K,  42% used [0x28f40000, 0x293d7170, 0x293d7200, 0x299f0000)
 compacting perm gen  total 12288K, used 4094K [0x339f0000, 0x345f0000, 0x379f0000)
   the space 12288K,  33% used [0x339f0000, 0x33defb48, 0x33defc00, 0x345f0000)
    ro space 10240K,  42% used [0x379f0000, 0x37e30ce0, 0x37e30e00, 0x383f0000)
    rw space 12288K,  54% used [0x383f0000, 0x38a70e30, 0x38a71000, 0x38ff0000)
}
Event: 2.170 GC heap before
{Heap before GC invocations=5 (full 0):
 def new generation   total 4928K, used 4928K [0x239f0000, 0x23f40000, 0x28f40000)
  eden space 4416K, 100% used [0x239f0000, 0x23e40000, 0x23e40000)
  from space 512K, 100% used [0x23ec0000, 0x23f40000, 0x23f40000)
  to   space 512K,   0% used [0x23e40000, 0x23e40000, 0x23ec0000)
 tenured generation   total 10944K, used 4700K [0x28f40000, 0x299f0000, 0x339f0000)
   the space 10944K,  42% used [0x28f40000, 0x293d7170, 0x293d7200, 0x299f0000)
 compacting perm gen  total 12288K, used 5281K [0x339f0000, 0x345f0000, 0x379f0000)
   the space 12288K,  42% used [0x339f0000, 0x33f18648, 0x33f18800, 0x345f0000)
    ro space 10240K,  42% used [0x379f0000, 0x37e30ce0, 0x37e30e00, 0x383f0000)
    rw space 12288K,  54% used [0x383f0000, 0x38a70e30, 0x38a71000, 0x38ff0000)
Event: 2.175 GC heap after
Heap after GC invocations=6 (full 0):
 def new generation   total 4928K, used 512K [0x239f0000, 0x23f40000, 0x28f40000)
  eden space 4416K,   0% used [0x239f0000, 0x239f0000, 0x23e40000)
  from space 512K, 100% used [0x23e40000, 0x23ec0000, 0x23ec0000)
  to   space 512K,   0% used [0x23ec0000, 0x23ec0000, 0x23f40000)
 tenured generation   total 10944K, used 5202K [0x28f40000, 0x299f0000, 0x339f0000)
   the space 10944K,  47% used [0x28f40000, 0x29454ac0, 0x29454c00, 0x299f0000)
 compacting perm gen  total 12288K, used 5281K [0x339f0000, 0x345f0000, 0x379f0000)
   the space 12288K,  42% used [0x339f0000, 0x33f18648, 0x33f18800, 0x345f0000)
    ro space 10240K,  42% used [0x379f0000, 0x37e30ce0, 0x37e30e00, 0x383f0000)
    rw space 12288K,  54% used [0x383f0000, 0x38a70e30, 0x38a71000, 0x38ff0000)
}
Event: 11.091 GC heap before
{Heap before GC invocations=6 (full 0):
 def new generation   total 4928K, used 4368K [0x239f0000, 0x23f40000, 0x28f40000)
  eden space 4416K,  87% used [0x239f0000, 0x23db4030, 0x23e40000)
  from space 512K, 100% used [0x23e40000, 0x23ec0000, 0x23ec0000)
  to   space 512K,   0% used [0x23ec0000, 0x23ec0000, 0x23f40000)
 tenured generation   total 10944K, used 5202K [0x28f40000, 0x299f0000, 0x339f0000)
   the space 10944K,  47% used [0x28f40000, 0x29454ac0, 0x29454c00, 0x299f0000)
 compacting perm gen  total 12288K, used 5801K [0x339f0000, 0x345f0000, 0x379f0000)
   the space 12288K,  47% used [0x339f0000, 0x33f9a6f8, 0x33f9a800, 0x345f0000)
    ro space 10240K,  42% used [0x379f0000, 0x37e30ce0, 0x37e30e00, 0x383f0000)
    rw space 12288K,  54% used [0x383f0000, 0x38a70e30, 0x38a71000, 0x38ff0000)
Event: 11.141 GC heap after
Heap after GC invocations=7 (full 1):
 def new generation   total 4992K, used 0K [0x239f0000, 0x23f50000, 0x28f40000)
  eden space 4480K,   0% used [0x239f0000, 0x239f0000, 0x23e50000)
  from space 512K,   0% used [0x23e50000, 0x23e50000, 0x23ed0000)
  to   space 512K,   0% used [0x23ed0000, 0x23ed0000, 0x23f50000)
 tenured generation   total 10944K, used 5933K [0x28f40000, 0x299f0000, 0x339f0000)
   the space 10944K,  54% used [0x28f40000, 0x2950b430, 0x2950b600, 0x299f0000)
 compacting perm gen  total 12288K, used 5801K [0x339f0000, 0x345f0000, 0x379f0000)
   the space 12288K,  47% used [0x339f0000, 0x33f9a6f8, 0x33f9a800, 0x345f0000)
    ro space 10240K,  42% used [0x379f0000, 0x37e30ce0, 0x37e30e00, 0x383f0000)
    rw space 12288K,  54% used [0x383f0000, 0x38a70e30, 0x38a71000, 0x38ff0000)
}
Event: 31.012 GC heap before
{Heap before GC invocations=7 (full 1):
 def new generation   total 4992K, used 2113K [0x239f0000, 0x23f50000, 0x28f40000)
  eden space 4480K,  47% used [0x239f0000, 0x23c00540, 0x23e50000)
  from space 512K,   0% used [0x23e50000, 0x23e50000, 0x23ed0000)
  to   space 512K,   0% used [0x23ed0000, 0x23ed0000, 0x23f50000)
 tenured generation   total 20948K, used 15933K [0x28f40000, 0x2a3b5000, 0x339f0000)
   the space 20948K,  76% used [0x28f40000, 0x29ecf440, 0x29ecf600, 0x2a3b5000)
 compacting perm gen  total 12288K, used 5858K [0x339f0000, 0x345f0000, 0x379f0000)
   the space 12288K,  47% used [0x339f0000, 0x33fa89a0, 0x33fa8a00, 0x345f0000)
    ro space 10240K,  42% used [0x379f0000, 0x37e30ce0, 0x37e30e00, 0x383f0000)
    rw space 12288K,  54% used [0x383f0000, 0x38a70e30, 0x38a71000, 0x38ff0000)
Event: 31.050 GC heap after
Heap after GC invocations=8 (full 2):
 def new generation   total 9472K, used 0K [0x239f0000, 0x24430000, 0x28f40000)
  eden space 8448K,   0% used [0x239f0000, 0x239f0000, 0x24230000)
  from space 1024K,   0% used [0x24230000, 0x24230000, 0x24330000)
  to   space 1024K,   0% used [0x24330000, 0x24330000, 0x24430000)
 tenured generation   total 20948K, used 4967K [0x28f40000, 0x2a3b5000, 0x339f0000)
   the space 20948K,  23% used [0x28f40000, 0x29419e88, 0x2941a000, 0x2a3b5000)
 compacting perm gen  total 12288K, used 5858K [0x339f0000, 0x345f0000, 0x379f0000)
   the space 12288K,  47% used [0x339f0000, 0x33fa89a0, 0x33fa8a00, 0x345f0000)
    ro space 10240K,  42% used [0x379f0000, 0x37e30ce0, 0x37e30e00, 0x383f0000)
    rw space 12288K,  54% used [0x383f0000, 0x38a70e30, 0x38a71000, 0x38ff0000)
}

Deoptimization events (0 events):
No events

Internal exceptions (10 events):
Event: 11.149 Thread 0x07faf800 Threw 0x23a0a2f8 at C:\jdk7u1_32P\jdk7u11\hotspot\src\share\vm\prims\jvm.cpp:1166
Event: 11.152 Thread 0x07faf800 Threw 0x23a2f510 at C:\jdk7u1_32P\jdk7u11\hotspot\src\share\vm\prims\jvm.cpp:1166
Event: 35.798 Thread 0x04e16800 Threw 0x23a75480 at C:\jdk7u1_32P\jdk7u11\hotspot\src\share\vm\prims\jvm.cpp:1166
Event: 38.476 Thread 0x04e16800 Threw 0x23b25778 at C:\jdk7u1_32P\jdk7u11\hotspot\src\share\vm\prims\jvm.cpp:1166
Event: 38.477 Thread 0x04e16800 Threw 0x23b2f1f0 at C:\jdk7u1_32P\jdk7u11\hotspot\src\share\vm\prims\jvm.cpp:1166
Event: 38.477 Thread 0x04e16800 Threw 0x23b34328 at C:\jdk7u1_32P\jdk7u11\hotspot\src\share\vm\prims\jvm.cpp:1166
Event: 38.478 Thread 0x04e16800 Threw 0x23b3a200 at C:\jdk7u1_32P\jdk7u11\hotspot\src\share\vm\prims\jvm.cpp:1166
Event: 38.545 Thread 0x04e16800 Threw 0x23b47ae0 at C:\jdk7u1_32P\jdk7u11\hotspot\src\share\vm\prims\jvm.cpp:1166
Event: 39.637 Thread 0x04e16800 Threw 0x23c29e00 at C:\jdk7u1_32P\jdk7u11\hotspot\src\share\vm\prims\jvm.cpp:1166
Event: 40.831 Thread 0x04e16800 Threw 0x240220a0 at C:\jdk7u1_32P\jdk7u11\hotspot\src\share\vm\prims\jvm.cpp:1166

Events (10 events):
Event: 40.486 Executing VM operation: RevokeBias done
Event: 40.728 Executing VM operation: RevokeBias
Event: 40.728 Executing VM operation: RevokeBias done
Event: 40.831 loading class 0x04e4d1c8
Event: 40.831 loading class 0x04e4d1c8 done
Event: 40.849 Executing VM operation: RevokeBias
Event: 40.849 Executing VM operation: RevokeBias done
Event: 40.936 Thread 0x0807f000 Thread added: 0x0807f000
Event: 40.936 Thread 0x0807d000 Thread added: 0x0807d000
Event: 40.936 Thread 0x0807d000 Thread exited: 0x0807d000


Dynamic libraries:
0x00cc0000 - 0x00cef000 	D:\Program Files\Java\jre7\bin\javaw.exe
0x76ee0000 - 0x77047000 	C:\Windows\SYSTEM32\ntdll.dll
0x74960000 - 0x74a58000 	C:\Windows\system32\KERNEL32.DLL
0x74850000 - 0x7490d000 	C:\Windows\system32\KERNELBASE.dll
0x73940000 - 0x739e7000 	C:\Windows\system32\apphelp.dll
0x64f10000 - 0x65180000 	C:\Windows\AppPatch\AcLayers.DLL
0x75660000 - 0x75711000 	C:\Windows\system32\msvcrt.dll
0x75890000 - 0x759b1000 	C:\Windows\system32\USER32.dll
0x74c20000 - 0x74d2a000 	C:\Windows\system32\GDI32.dll
0x75ce0000 - 0x76da6000 	C:\Windows\system32\SHELL32.dll
0x75b70000 - 0x75bb0000 	C:\Windows\system32\SHLWAPI.dll
0x75c10000 - 0x75c9b000 	C:\Windows\system32\OLEAUT32.dll
0x72230000 - 0x72243000 	C:\Windows\SYSTEM32\MPR.dll
0x75030000 - 0x751df000 	C:\Windows\system32\SETUPAPI.dll
0x6cf80000 - 0x6cf83000 	C:\Windows\SYSTEM32\sfc.dll
0x738d0000 - 0x73930000 	C:\Windows\SYSTEM32\WINSPOOL.DRV
0x754d0000 - 0x755a2000 	C:\Windows\system32\RPCRT4.dll
0x751e0000 - 0x75316000 	C:\Windows\SYSTEM32\combase.dll
0x74800000 - 0x74846000 	C:\Windows\system32\CFGMGR32.dll
0x747e0000 - 0x747fe000 	C:\Windows\system32\DEVOBJ.dll
0x6dc00000 - 0x6dc0e000 	C:\Windows\SYSTEM32\sfc_os.DLL
0x75320000 - 0x7534b000 	C:\Windows\system32\IMM32.DLL
0x74d30000 - 0x74e0d000 	C:\Windows\system32\MSCTF.dll
0x755b0000 - 0x7565e000 	C:\Windows\system32\ADVAPI32.dll
0x728a0000 - 0x72a97000 	C:\Windows\WinSxS\x86_microsoft.windows.common-controls_6595b64144ccf1df_6.0.9200.16384_none_893961408605e985\COMCTL32.dll
0x75ca0000 - 0x75cd4000 	C:\Windows\SYSTEM32\sechost.dll
0x6e350000 - 0x6e40e000 	D:\Program Files\Java\jre7\bin\msvcr100.dll
0x6e000000 - 0x6e34c000 	D:\Program Files\Java\jre7\bin\client\jvm.dll
0x6ec80000 - 0x6ec88000 	C:\Windows\SYSTEM32\WSOCK32.dll
0x6fd80000 - 0x6fda1000 	C:\Windows\SYSTEM32\WINMM.dll
0x75a40000 - 0x75a46000 	C:\Windows\system32\PSAPI.DLL
0x75380000 - 0x753d0000 	C:\Windows\system32\WS2_32.dll
0x6fd50000 - 0x6fd7a000 	C:\Windows\SYSTEM32\WINMMBASE.dll
0x75370000 - 0x75378000 	C:\Windows\system32\NSI.dll
0x6dff0000 - 0x6dffc000 	D:\Program Files\Java\jre7\bin\verify.dll
0x6dfd0000 - 0x6dff0000 	D:\Program Files\Java\jre7\bin\java.dll
0x6dfb0000 - 0x6dfc3000 	D:\Program Files\Java\jre7\bin\zip.dll
0x53650000 - 0x53792000 	D:\Program Files\Java\jre7\bin\awt.dll
0x735d0000 - 0x73677000 	C:\Windows\system32\uxtheme.dll
0x10000000 - 0x1007a000 	C:\Program Files\kingsoft\kingsoft antivirus\kwsui.dll
0x75a50000 - 0x75b69000 	C:\Windows\system32\ole32.dll
0x73930000 - 0x73938000 	C:\Windows\SYSTEM32\VERSION.dll
0x05ba0000 - 0x05cf5000 	c:\program files\kingsoft\ksafe\ksfmon.dll
0x72c20000 - 0x72c39000 	C:\Windows\SYSTEM32\dwmapi.dll
0x743b0000 - 0x743b9000 	C:\Windows\SYSTEM32\CRYPTBASE.dll
0x74350000 - 0x743a1000 	C:\Windows\SYSTEM32\bcryptPrimitives.dll
0x759c0000 - 0x75a35000 	C:\Windows\SYSTEM32\shcore.dll
0x679c0000 - 0x679ea000 	D:\Program Files\Java\jre7\bin\fontmanager.dll
0x6df90000 - 0x6dfa4000 	D:\Program Files\Java\jre7\bin\net.dll
0x73ed0000 - 0x73f1a000 	C:\Windows\system32\mswsock.dll
0x6df80000 - 0x6df8f000 	D:\Program Files\Java\jre7\bin\nio.dll
0x66d30000 - 0x66ee5000 	C:\Windows\system32\d3d9.dll
0x61860000 - 0x626ce000 	C:\Windows\SYSTEM32\nvd3dum.dll
0x744d0000 - 0x7450f000 	C:\Windows\SYSTEM32\powrprof.dll
0x07c40000 - 0x07d4a000 	C:\Program Files\NVIDIA Corporation\3D Vision\nvSCPAPI.dll
0x63d60000 - 0x63d84000 	D:\Program Files\Java\jre7\bin\dcpr.dll
0x74e10000 - 0x74e84000 	C:\Windows\SYSTEM32\clbcatq.dll
0x71710000 - 0x71856000 	C:\Windows\SYSTEM32\WindowsCodecs.dll
0x74520000 - 0x74531000 	C:\Windows\SYSTEM32\profapi.dll
0x63bb0000 - 0x63be1000 	D:\Program Files\Java\jre7\bin\t2k.dll
0x57220000 - 0x57572000 	C:\Windows\SYSTEM32\GooglePinyin2.ime
0x74650000 - 0x747d8000 	C:\Windows\system32\CRYPT32.dll
0x65330000 - 0x65344000 	C:\Windows\SYSTEM32\USP10.dll
0x74910000 - 0x74953000 	C:\Windows\system32\WINTRUST.dll
0x6eda0000 - 0x6eda6000 	C:\Windows\SYSTEM32\MSIMG32.dll
0x75720000 - 0x75883000 	C:\Windows\WinSxS\x86_microsoft.windows.gdiplus_6595b64144ccf1df_1.1.9200.16384_none_ba245425e0986353\gdiplus.dll
0x72590000 - 0x726b9000 	C:\Windows\SYSTEM32\dbghelp.dll
0x73d10000 - 0x73d2b000 	C:\Windows\SYSTEM32\USERENV.dll
0x74a60000 - 0x74c19000 	C:\Windows\system32\WININET.dll
0x745a0000 - 0x745b2000 	C:\Windows\system32\MSASN1.dll
0x74e90000 - 0x75030000 	C:\Windows\system32\iertutil.dll
0x737c0000 - 0x737e6000 	C:\Windows\SYSTEM32\ntmarta.dll
0x74320000 - 0x74343000 	C:\Windows\SYSTEM32\SspiCli.dll
0x6eb10000 - 0x6ec74000 	C:\Windows\System32\msxml3.dll
0x71a10000 - 0x71b6f000 	C:\Windows\SYSTEM32\DWrite.dll
0x73f20000 - 0x73f3a000 	C:\Windows\SYSTEM32\CRYPTSP.dll
0x73c40000 - 0x73c7e000 	C:\Windows\system32\rsaenh.dll
0x6d8f0000 - 0x6d8fa000 	D:\Program Files\Java\jre7\bin\management.dll
0x70570000 - 0x70580000 	C:\Windows\system32\napinsp.dll
0x70550000 - 0x70564000 	C:\Windows\system32\pnrpnsp.dll
0x72da0000 - 0x72db0000 	C:\Windows\system32\NLAapi.dll
0x73d60000 - 0x73dd5000 	C:\Windows\SYSTEM32\DNSAPI.dll
0x70540000 - 0x70549000 	C:\Windows\System32\winrnr.dll
0x70450000 - 0x70457000 	C:\Windows\System32\rasadhlp.dll
0x71d20000 - 0x71d40000 	C:\Windows\SYSTEM32\IPHLPAPI.DLL
0x71cd0000 - 0x71cd8000 	C:\Windows\SYSTEM32\WINNSI.DLL
0x71be0000 - 0x71c1f000 	C:\Windows\System32\fwpuclnt.dll
0x55c80000 - 0x55d0e000 	D:\Program Files\Java\jre7\bin\mlib_image.dll

VM Arguments:
jvm_args: -Dfile.encoding=UTF-8 
java_command: ekaiser.nzlov.ekaisermanage.main.ClientMain
Launcher Type: SUN_STANDARD

Environment Variables:
JAVA_HOME=D:\Program Files\Java\jdk1.7.0_05
CLASSPATH=.;D:\Program Files\Java\jdk1.7.0_05\lib\dt.jar;D:\Program Files\Java\jdk1.7.0_05\lib\tools.jar
PATH=D:/Program Files/Java/jre7/bin/client;D:/Program Files/Java/jre7/bin;D:/Program Files/Java/jre7/lib/i386;C:\Program Files\NVIDIA Corporation\PhysX\Common;C:\Windows\system32;C:\Windows;C:\Windows\System32\Wbem;C:\Windows\System32\WindowsPowerShell\v1.0\;D:\Program Files\Java\jdk1.7.0_05\bin;C:\Program Files\MySQL\MySQL Server 5.5\bin;D:\Program Files\eclipse;
USERNAME=nzlov
OS=Windows_NT
PROCESSOR_IDENTIFIER=x86 Family 6 Model 37 Stepping 5, GenuineIntel



---------------  S Y S T E M  ---------------

OS: Windows 8 Build 9200 

CPU:total 4 (2 cores per cpu, 2 threads per core) family 6 model 37 stepping 5, cmov, cx8, fxsr, mmx, sse, sse2, sse3, ssse3, sse4.1, sse4.2, popcnt, ht, tsc, tscinvbit

Memory: 4k page, physical 3136008k(957504k free), swap 6281736k(1661164k free)

vm_info: Java HotSpot(TM) Client VM (23.6-b04) for windows-x86 JRE (1.7.0_11-b21), built on Jan 12 2013 02:19:22 by "java_re" with unknown MS VC++:1600

time: Wed Jan 23 17:29:29 2013
elapsed time: 40 seconds

