#
# A fatal error has been detected by the Java Runtime Environment:
#
#  EXCEPTION_ACCESS_VIOLATION (0xc0000005) at pc=0x572c7f17, pid=8264, tid=4772
#
# JRE version: 7.0_11-b21
# Java VM: Java HotSpot(TM) Client VM (23.6-b04 mixed mode, sharing windows-x86 )
# Problematic frame:
# C  [GooglePinyin2.ime+0xa7f17]  DllRegisterServer+0x43d47
#
# Failed to write core dump. Minidumps are not enabled by default on client versions of Windows
#
# If you would like to submit a bug report, please visit:
#   http://bugreport.sun.com/bugreport/crash.jsp
# The crash happened outside the Java Virtual Machine in native code.
# See problematic frame for where to report the bug.
#

---------------  T H R E A D  ---------------

Current thread (0x04196400):  JavaThread "AWT-Windows" daemon [_thread_in_native, id=4772, stack(0x04360000,0x043b0000)]

siginfo: ExceptionCode=0xc0000005, reading address 0x00000004

Registers:
EAX=0x0a437a80, EBX=0x0a3effc8, ECX=0x00000000, EDX=0x00000002
ESP=0x043af4d0, EBP=0x043af508, ESI=0x0a437a80, EDI=0x00000002
EIP=0x572c7f17, EFLAGS=0x00010246

Top of Stack: (sp=0x043af4d0)
0x043af4d0:   00000001 572c56ba 0017095e 0a437a80
0x043af4e0:   00000111 00000002 0017095e 572c5c72
0x043af4f0:   0a437a80 043af508 00000001 00000111
0x043af500:   043af534 00000000 00000000 75897443
0x043af510:   0017095e 00000111 00000002 0017095e
0x043af520:   00000111 dcbaabcd 00000000 00000001
0x043af530:   00000111 043af5ac 75897630 572c5c20
0x043af540:   0017095e 00000111 00000002 0017095e 

Instructions: (pc=0x572c7f17)
0x572c7ef7:   d8 83 e8 01 83 c4 0c c3 83 c8 ff 83 c4 0c c3 cc
0x572c7f07:   cc cc cc cc cc cc cc cc cc 53 8b 58 04 8b 4b 50
0x572c7f17:   8b 49 04 56 57 52 e8 5e 96 ff ff 85 c0 74 29 8b
0x572c7f27:   70 1c 85 f6 74 22 83 78 18 10 72 05 8b 40 04 eb 


Register to memory mapping:

EAX=0x0a437a80 is an unknown value
EBX=0x0a3effc8 is an unknown value
ECX=0x00000000 is an unknown value
EDX=0x00000002 is an unknown value
ESP=0x043af4d0 is pointing into the stack for thread: 0x04196400
EBP=0x043af508 is pointing into the stack for thread: 0x04196400
ESI=0x0a437a80 is an unknown value
EDI=0x00000002 is an unknown value


Stack: [0x04360000,0x043b0000],  sp=0x043af4d0,  free space=317k
Native frames: (J=compiled Java code, j=interpreted, Vv=VM code, C=native code)
C  [GooglePinyin2.ime+0xa7f17]  DllRegisterServer+0x43d47

Java frames: (J=compiled Java code, j=interpreted, Vv=VM code)
j  sun.awt.windows.WToolkit.eventLoop()V+0
j  sun.awt.windows.WToolkit.run()V+49
j  java.lang.Thread.run()V+11
v  ~StubRoutines::call_stub

---------------  P R O C E S S  ---------------

Java Threads: ( => current thread )
  0x0738b400 JavaThread "Thread-0" daemon [_thread_in_native, id=10284, stack(0x0eb90000,0x0ebe0000)]
  0x0738b000 JavaThread "Image Fetcher 0" daemon [_thread_blocked, id=2836, stack(0x0e190000,0x0e1e0000)]
  0x0738a800 JavaThread "TimerQueue" daemon [_thread_blocked, id=880, stack(0x0e310000,0x0e360000)]
  0x07313c00 JavaThread "D3D Screen Updater" daemon [_thread_in_native, id=6436, stack(0x0e120000,0x0e170000)]
  0x07327000 JavaThread "NioProcessor-2" [_thread_in_native, id=11620, stack(0x0e0d0000,0x0e120000)]
  0x0728c800 JavaThread "pool-2-thread-1" [_thread_blocked, id=3304, stack(0x0e080000,0x0e0d0000)]
  0x07152c00 JavaThread "Trident pulse source thread" daemon [_thread_blocked, id=9716, stack(0x07770000,0x077c0000)]
  0x07155c00 JavaThread "Trident callback thread" daemon [_thread_blocked, id=2700, stack(0x07720000,0x07770000)]
  0x07143800 JavaThread "Substance heap status" daemon [_thread_blocked, id=11296, stack(0x07070000,0x070c0000)]
  0x01f7b000 JavaThread "DestroyJavaVM" [_thread_blocked, id=3652, stack(0x004e0000,0x00530000)]
  0x0419a000 JavaThread "AWT-EventQueue-0" [_thread_blocked, id=7476, stack(0x04440000,0x04490000)]
=>0x04196400 JavaThread "AWT-Windows" daemon [_thread_in_native, id=4772, stack(0x04360000,0x043b0000)]
  0x04195c00 JavaThread "AWT-Shutdown" [_thread_blocked, id=9176, stack(0x04310000,0x04360000)]
  0x04195000 JavaThread "Java2D Disposer" daemon [_thread_blocked, id=10032, stack(0x042c0000,0x04310000)]
  0x019b6800 JavaThread "Service Thread" daemon [_thread_blocked, id=10260, stack(0x04020000,0x04070000)]
  0x019ab800 JavaThread "C1 CompilerThread0" daemon [_thread_blocked, id=11400, stack(0x03fd0000,0x04020000)]
  0x019aa000 JavaThread "Attach Listener" daemon [_thread_blocked, id=8752, stack(0x03f80000,0x03fd0000)]
  0x019a7c00 JavaThread "Signal Dispatcher" daemon [_thread_blocked, id=11796, stack(0x01f20000,0x01f70000)]
  0x01988400 JavaThread "Finalizer" daemon [_thread_blocked, id=10008, stack(0x01ed0000,0x01f20000)]
  0x01983800 JavaThread "Reference Handler" daemon [_thread_blocked, id=12272, stack(0x01e80000,0x01ed0000)]

Other Threads:
  0x01982000 VMThread [stack: 0x01e30000,0x01e80000] [id=324]
  0x019b8000 WatcherThread [stack: 0x04070000,0x040c0000] [id=3436]

VM state:not at safepoint (normal execution)

VM Mutex/Monitor currently owned by a thread: None

Heap
 def new generation   total 9280K, used 4746K [0x239f0000, 0x24400000, 0x28f40000)
  eden space 8256K,  57% used [0x239f0000, 0x23e92940, 0x24200000)
  from space 1024K,   0% used [0x24200000, 0x24200000, 0x24300000)
  to   space 1024K,   0% used [0x24300000, 0x24300000, 0x24400000)
 tenured generation   total 20564K, used 15129K [0x28f40000, 0x2a355000, 0x339f0000)
   the space 20564K,  73% used [0x28f40000, 0x29e06430, 0x29e06600, 0x2a355000)
 compacting perm gen  total 12288K, used 5949K [0x339f0000, 0x345f0000, 0x379f0000)
   the space 12288K,  48% used [0x339f0000, 0x33fbf520, 0x33fbf600, 0x345f0000)
    ro space 10240K,  42% used [0x379f0000, 0x37e30ce0, 0x37e30e00, 0x383f0000)
    rw space 12288K,  54% used [0x383f0000, 0x38a70e30, 0x38a71000, 0x38ff0000)

Card table byte_map: [0x01d80000,0x01e30000] byte_map_base: 0x01c63080

Polling page: 0x004c0000

Code Cache  [0x01f80000, 0x020f8000, 0x03f80000)
 total_blobs=934 nmethods=654 adapters=215 free_code_cache=31272Kb largest_free_block=32022464

Compilation events (10 events):
Event: 26.406 Thread 0x019ab800  659             sun.java2d.SunGraphics2D::validatePipe (29 bytes)
Event: 26.407 Thread 0x019ab800 nmethod 659 0x020efb88 code [0x020efca0, 0x020efdb8]
Event: 26.487 Thread 0x019ab800  660   !         javax.swing.UIDefaults::getResourceCache (175 bytes)
Event: 26.489 Thread 0x019ab800 nmethod 660 0x020efe88 code [0x020f00d0, 0x020f08cc]
Event: 26.490 Thread 0x019ab800  661             javax.swing.UIDefaults$TextAndMnemonicHashMap::get (358 bytes)
Event: 26.492 Thread 0x019ab800 nmethod 661 0x020f1688 code [0x020f1c10, 0x020f3534]
Event: 26.754 Thread 0x019ab800  662             org.pushingpixels.substance.api.SubstanceLookAndFeel::getDecorationType (5 bytes)
Event: 26.754 Thread 0x019ab800 nmethod 662 0x020f5bc8 code [0x020f5cc0, 0x020f5d3c]
Event: 26.754 Thread 0x019ab800  663             java.lang.Math::round (20 bytes)
Event: 26.755 Thread 0x019ab800 nmethod 663 0x020f5d88 code [0x020f5ec0, 0x020f5fac]

GC Heap History (10 events):
Event: 1.299 GC heap before
{Heap before GC invocations=4 (full 0):
 def new generation   total 4928K, used 4928K [0x239f0000, 0x23f40000, 0x28f40000)
  eden space 4416K, 100% used [0x239f0000, 0x23e40000, 0x23e40000)
  from space 512K, 100% used [0x23e40000, 0x23ec0000, 0x23ec0000)
  to   space 512K,   0% used [0x23ec0000, 0x23ec0000, 0x23f40000)
 tenured generation   total 10944K, used 3866K [0x28f40000, 0x299f0000, 0x339f0000)
   the space 10944K,  35% used [0x28f40000, 0x29306870, 0x29306a00, 0x299f0000)
 compacting perm gen  total 12288K, used 4094K [0x339f0000, 0x345f0000, 0x379f0000)
   the space 12288K,  33% used [0x339f0000, 0x33defb48, 0x33defc00, 0x345f0000)
    ro space 10240K,  42% used [0x379f0000, 0x37e30ce0, 0x37e30e00, 0x383f0000)
    rw space 12288K,  54% used [0x383f0000, 0x38a70e30, 0x38a71000, 0x38ff0000)
Event: 1.304 GC heap after
Heap after GC invocations=5 (full 0):
 def new generation   total 4928K, used 512K [0x239f0000, 0x23f40000, 0x28f40000)
  eden space 4416K,   0% used [0x239f0000, 0x239f0000, 0x23e40000)
  from space 512K, 100% used [0x23ec0000, 0x23f40000, 0x23f40000)
  to   space 512K,   0% used [0x23e40000, 0x23e40000, 0x23ec0000)
 tenured generation   total 10944K, used 4708K [0x28f40000, 0x299f0000, 0x339f0000)
   the space 10944K,  43% used [0x28f40000, 0x293d91d0, 0x293d9200, 0x299f0000)
 compacting perm gen  total 12288K, used 4094K [0x339f0000, 0x345f0000, 0x379f0000)
   the space 12288K,  33% used [0x339f0000, 0x33defb48, 0x33defc00, 0x345f0000)
    ro space 10240K,  42% used [0x379f0000, 0x37e30ce0, 0x37e30e00, 0x383f0000)
    rw space 12288K,  54% used [0x383f0000, 0x38a70e30, 0x38a71000, 0x38ff0000)
}
Event: 2.104 GC heap before
{Heap before GC invocations=5 (full 0):
 def new generation   total 4928K, used 4928K [0x239f0000, 0x23f40000, 0x28f40000)
  eden space 4416K, 100% used [0x239f0000, 0x23e40000, 0x23e40000)
  from space 512K, 100% used [0x23ec0000, 0x23f40000, 0x23f40000)
  to   space 512K,   0% used [0x23e40000, 0x23e40000, 0x23ec0000)
 tenured generation   total 10944K, used 4708K [0x28f40000, 0x299f0000, 0x339f0000)
   the space 10944K,  43% used [0x28f40000, 0x293d91d0, 0x293d9200, 0x299f0000)
 compacting perm gen  total 12288K, used 5281K [0x339f0000, 0x345f0000, 0x379f0000)
   the space 12288K,  42% used [0x339f0000, 0x33f18648, 0x33f18800, 0x345f0000)
    ro space 10240K,  42% used [0x379f0000, 0x37e30ce0, 0x37e30e00, 0x383f0000)
    rw space 12288K,  54% used [0x383f0000, 0x38a70e30, 0x38a71000, 0x38ff0000)
Event: 2.109 GC heap after
Heap after GC invocations=6 (full 0):
 def new generation   total 4928K, used 512K [0x239f0000, 0x23f40000, 0x28f40000)
  eden space 4416K,   0% used [0x239f0000, 0x239f0000, 0x23e40000)
  from space 512K, 100% used [0x23e40000, 0x23ec0000, 0x23ec0000)
  to   space 512K,   0% used [0x23ec0000, 0x23ec0000, 0x23f40000)
 tenured generation   total 10944K, used 5211K [0x28f40000, 0x299f0000, 0x339f0000)
   the space 10944K,  47% used [0x28f40000, 0x29456c28, 0x29456e00, 0x299f0000)
 compacting perm gen  total 12288K, used 5281K [0x339f0000, 0x345f0000, 0x379f0000)
   the space 12288K,  42% used [0x339f0000, 0x33f18648, 0x33f18800, 0x345f0000)
    ro space 10240K,  42% used [0x379f0000, 0x37e30ce0, 0x37e30e00, 0x383f0000)
    rw space 12288K,  54% used [0x383f0000, 0x38a70e30, 0x38a71000, 0x38ff0000)
}
Event: 10.144 GC heap before
{Heap before GC invocations=6 (full 0):
 def new generation   total 4928K, used 4478K [0x239f0000, 0x23f40000, 0x28f40000)
  eden space 4416K,  89% used [0x239f0000, 0x23dcfaf0, 0x23e40000)
  from space 512K, 100% used [0x23e40000, 0x23ec0000, 0x23ec0000)
  to   space 512K,   0% used [0x23ec0000, 0x23ec0000, 0x23f40000)
 tenured generation   total 10944K, used 5211K [0x28f40000, 0x299f0000, 0x339f0000)
   the space 10944K,  47% used [0x28f40000, 0x29456c28, 0x29456e00, 0x299f0000)
 compacting perm gen  total 12288K, used 5801K [0x339f0000, 0x345f0000, 0x379f0000)
   the space 12288K,  47% used [0x339f0000, 0x33f9a6e8, 0x33f9a800, 0x345f0000)
    ro space 10240K,  42% used [0x379f0000, 0x37e30ce0, 0x37e30e00, 0x383f0000)
    rw space 12288K,  54% used [0x383f0000, 0x38a70e30, 0x38a71000, 0x38ff0000)
Event: 10.187 GC heap after
Heap after GC invocations=7 (full 1):
 def new generation   total 4992K, used 0K [0x239f0000, 0x23f50000, 0x28f40000)
  eden space 4480K,   0% used [0x239f0000, 0x239f0000, 0x23e50000)
  from space 512K,   0% used [0x23e50000, 0x23e50000, 0x23ed0000)
  to   space 512K,   0% used [0x23ed0000, 0x23ed0000, 0x23f50000)
 tenured generation   total 10944K, used 5941K [0x28f40000, 0x299f0000, 0x339f0000)
   the space 10944K,  54% used [0x28f40000, 0x2950d468, 0x2950d600, 0x299f0000)
 compacting perm gen  total 12288K, used 5801K [0x339f0000, 0x345f0000, 0x379f0000)
   the space 12288K,  47% used [0x339f0000, 0x33f9a6e8, 0x33f9a800, 0x345f0000)
    ro space 10240K,  42% used [0x379f0000, 0x37e30ce0, 0x37e30e00, 0x383f0000)
    rw space 12288K,  54% used [0x383f0000, 0x38a70e30, 0x38a71000, 0x38ff0000)
}
Event: 17.535 GC heap before
{Heap before GC invocations=7 (full 1):
 def new generation   total 4992K, used 1700K [0x239f0000, 0x23f50000, 0x28f40000)
  eden space 4480K,  37% used [0x239f0000, 0x23b99210, 0x23e50000)
  from space 512K,   0% used [0x23e50000, 0x23e50000, 0x23ed0000)
  to   space 512K,   0% used [0x23ed0000, 0x23ed0000, 0x23f50000)
 tenured generation   total 20948K, used 15941K [0x28f40000, 0x2a3b5000, 0x339f0000)
   the space 20948K,  76% used [0x28f40000, 0x29ed1478, 0x29ed1600, 0x2a3b5000)
 compacting perm gen  total 12288K, used 5859K [0x339f0000, 0x345f0000, 0x379f0000)
   the space 12288K,  47% used [0x339f0000, 0x33fa8f90, 0x33fa9000, 0x345f0000)
    ro space 10240K,  42% used [0x379f0000, 0x37e30ce0, 0x37e30e00, 0x383f0000)
    rw space 12288K,  54% used [0x383f0000, 0x38a70e30, 0x38a71000, 0x38ff0000)
Event: 17.573 GC heap after
Heap after GC invocations=8 (full 2):
 def new generation   total 9472K, used 0K [0x239f0000, 0x24430000, 0x28f40000)
  eden space 8448K,   0% used [0x239f0000, 0x239f0000, 0x24230000)
  from space 1024K,   0% used [0x24230000, 0x24230000, 0x24330000)
  to   space 1024K,   0% used [0x24330000, 0x24330000, 0x24430000)
 tenured generation   total 20948K, used 5126K [0x28f40000, 0x2a3b5000, 0x339f0000)
   the space 20948K,  24% used [0x28f40000, 0x29441be8, 0x29441c00, 0x2a3b5000)
 compacting perm gen  total 12288K, used 5859K [0x339f0000, 0x345f0000, 0x379f0000)
   the space 12288K,  47% used [0x339f0000, 0x33fa8f90, 0x33fa9000, 0x345f0000)
    ro space 10240K,  42% used [0x379f0000, 0x37e30ce0, 0x37e30e00, 0x383f0000)
    rw space 12288K,  54% used [0x383f0000, 0x38a70e30, 0x38a71000, 0x38ff0000)
}
Event: 23.211 GC heap before
{Heap before GC invocations=8 (full 2):
 def new generation   total 9472K, used 1660K [0x239f0000, 0x24430000, 0x28f40000)
  eden space 8448K,  19% used [0x239f0000, 0x23b8f250, 0x24230000)
  from space 1024K,   0% used [0x24230000, 0x24230000, 0x24330000)
  to   space 1024K,   0% used [0x24330000, 0x24330000, 0x24430000)
 tenured generation   total 20948K, used 15126K [0x28f40000, 0x2a3b5000, 0x339f0000)
   the space 20948K,  72% used [0x28f40000, 0x29e05bf8, 0x29e05c00, 0x2a3b5000)
 compacting perm gen  total 12288K, used 5860K [0x339f0000, 0x345f0000, 0x379f0000)
   the space 12288K,  47% used [0x339f0000, 0x33fa9010, 0x33fa9200, 0x345f0000)
    ro space 10240K,  42% used [0x379f0000, 0x37e30ce0, 0x37e30e00, 0x383f0000)
    rw space 12288K,  54% used [0x383f0000, 0x38a70e30, 0x38a71000, 0x38ff0000)
Event: 23.245 GC heap after
Heap after GC invocations=9 (full 3):
 def new generation   total 9280K, used 0K [0x239f0000, 0x24400000, 0x28f40000)
  eden space 8256K,   0% used [0x239f0000, 0x239f0000, 0x24200000)
  from space 1024K,   0% used [0x24200000, 0x24200000, 0x24300000)
  to   space 1024K,   0% used [0x24300000, 0x24300000, 0x24400000)
 tenured generation   total 20564K, used 5129K [0x28f40000, 0x2a355000, 0x339f0000)
   the space 20564K,  24% used [0x28f40000, 0x29442420, 0x29442600, 0x2a355000)
 compacting perm gen  total 12288K, used 5860K [0x339f0000, 0x345f0000, 0x379f0000)
   the space 12288K,  47% used [0x339f0000, 0x33fa9010, 0x33fa9200, 0x345f0000)
    ro space 10240K,  42% used [0x379f0000, 0x37e30ce0, 0x37e30e00, 0x383f0000)
    rw space 12288K,  54% used [0x383f0000, 0x38a70e30, 0x38a71000, 0x38ff0000)
}

Deoptimization events (0 events):
No events

Internal exceptions (10 events):
Event: 24.873 Thread 0x0419a000 Threw 0x23a5c970 at C:\jdk7u1_32P\jdk7u11\hotspot\src\share\vm\prims\jvm.cpp:1166
Event: 24.874 Thread 0x0419a000 Threw 0x23a62848 at C:\jdk7u1_32P\jdk7u11\hotspot\src\share\vm\prims\jvm.cpp:1166
Event: 25.033 Thread 0x0419a000 Threw 0x23a919f0 at C:\jdk7u1_32P\jdk7u11\hotspot\src\share\vm\prims\jvm.cpp:1166
Event: 25.250 Thread 0x0419a000 Threw 0x23acad30 at C:\jdk7u1_32P\jdk7u11\hotspot\src\share\vm\prims\jvm.cpp:1166
Event: 26.041 Thread 0x0419a000 Threw 0x23c97ef0 at C:\jdk7u1_32P\jdk7u11\hotspot\src\share\vm\prims\jvm.cpp:1166
Event: 26.045 Thread 0x0419a000 Threw 0x23ca4940 at C:\jdk7u1_32P\jdk7u11\hotspot\src\share\vm\prims\jvm.cpp:1166
Event: 26.045 Thread 0x0419a000 Threw 0x23ca8978 at C:\jdk7u1_32P\jdk7u11\hotspot\src\share\vm\prims\jvm.cpp:1166
Event: 26.046 Thread 0x0419a000 Threw 0x23cb0c10 at C:\jdk7u1_32P\jdk7u11\hotspot\src\share\vm\prims\jvm.cpp:1166
Event: 26.047 Thread 0x0419a000 Threw 0x23cb8ac8 at C:\jdk7u1_32P\jdk7u11\hotspot\src\share\vm\prims\jvm.cpp:1166
Event: 26.286 Thread 0x0419a000 Threw 0x23cf93b0 at C:\jdk7u1_32P\jdk7u11\hotspot\src\share\vm\prims\jvm.cpp:1166

Events (10 events):
Event: 26.283 loading class 0x3917fd50 done
Event: 26.284 loading class 0x07385338
Event: 26.284 loading class 0x07385338 done
Event: 26.285 Executing VM operation: RevokeBias
Event: 26.285 Executing VM operation: RevokeBias done
Event: 26.286 loading class 0x041d10f8
Event: 26.286 loading class 0x041d10f8 done
Event: 26.817 Thread 0x0738b400 Thread added: 0x0738b400
Event: 26.817 Thread 0x0738bc00 Thread added: 0x0738bc00
Event: 26.818 Thread 0x0738bc00 Thread exited: 0x0738bc00


Dynamic libraries:
0x00cc0000 - 0x00cef000 	D:\Program Files\Java\jre7\bin\javaw.exe
0x76ee0000 - 0x77047000 	C:\Windows\SYSTEM32\ntdll.dll
0x74960000 - 0x74a58000 	C:\Windows\system32\KERNEL32.DLL
0x74850000 - 0x7490d000 	C:\Windows\system32\KERNELBASE.dll
0x73940000 - 0x739e7000 	C:\Windows\system32\apphelp.dll
0x64f10000 - 0x65180000 	C:\Windows\AppPatch\AcLayers.DLL
0x75660000 - 0x75711000 	C:\Windows\system32\msvcrt.dll
0x75890000 - 0x759b1000 	C:\Windows\system32\USER32.dll
0x74c20000 - 0x74d2a000 	C:\Windows\system32\GDI32.dll
0x75ce0000 - 0x76da6000 	C:\Windows\system32\SHELL32.dll
0x75b70000 - 0x75bb0000 	C:\Windows\system32\SHLWAPI.dll
0x75c10000 - 0x75c9b000 	C:\Windows\system32\OLEAUT32.dll
0x72230000 - 0x72243000 	C:\Windows\SYSTEM32\MPR.dll
0x75030000 - 0x751df000 	C:\Windows\system32\SETUPAPI.dll
0x6cf80000 - 0x6cf83000 	C:\Windows\SYSTEM32\sfc.dll
0x738d0000 - 0x73930000 	C:\Windows\SYSTEM32\WINSPOOL.DRV
0x754d0000 - 0x755a2000 	C:\Windows\system32\RPCRT4.dll
0x751e0000 - 0x75316000 	C:\Windows\SYSTEM32\combase.dll
0x74800000 - 0x74846000 	C:\Windows\system32\CFGMGR32.dll
0x747e0000 - 0x747fe000 	C:\Windows\system32\DEVOBJ.dll
0x6dc00000 - 0x6dc0e000 	C:\Windows\SYSTEM32\sfc_os.DLL
0x75320000 - 0x7534b000 	C:\Windows\system32\IMM32.DLL
0x74d30000 - 0x74e0d000 	C:\Windows\system32\MSCTF.dll
0x755b0000 - 0x7565e000 	C:\Windows\system32\ADVAPI32.dll
0x728a0000 - 0x72a97000 	C:\Windows\WinSxS\x86_microsoft.windows.common-controls_6595b64144ccf1df_6.0.9200.16384_none_893961408605e985\COMCTL32.dll
0x75ca0000 - 0x75cd4000 	C:\Windows\SYSTEM32\sechost.dll
0x6e350000 - 0x6e40e000 	D:\Program Files\Java\jre7\bin\msvcr100.dll
0x6e000000 - 0x6e34c000 	D:\Program Files\Java\jre7\bin\client\jvm.dll
0x6ec80000 - 0x6ec88000 	C:\Windows\SYSTEM32\WSOCK32.dll
0x6fd80000 - 0x6fda1000 	C:\Windows\SYSTEM32\WINMM.dll
0x75a40000 - 0x75a46000 	C:\Windows\system32\PSAPI.DLL
0x75380000 - 0x753d0000 	C:\Windows\system32\WS2_32.dll
0x6fd50000 - 0x6fd7a000 	C:\Windows\SYSTEM32\WINMMBASE.dll
0x75370000 - 0x75378000 	C:\Windows\system32\NSI.dll
0x6dff0000 - 0x6dffc000 	D:\Program Files\Java\jre7\bin\verify.dll
0x6dfd0000 - 0x6dff0000 	D:\Program Files\Java\jre7\bin\java.dll
0x6dfb0000 - 0x6dfc3000 	D:\Program Files\Java\jre7\bin\zip.dll
0x53400000 - 0x53542000 	D:\Program Files\Java\jre7\bin\awt.dll
0x735d0000 - 0x73677000 	C:\Windows\system32\uxtheme.dll
0x10000000 - 0x1007a000 	C:\Program Files\kingsoft\kingsoft antivirus\kwsui.dll
0x75a50000 - 0x75b69000 	C:\Windows\system32\ole32.dll
0x73930000 - 0x73938000 	C:\Windows\SYSTEM32\VERSION.dll
0x04f70000 - 0x050c5000 	c:\program files\kingsoft\ksafe\ksfmon.dll
0x72c20000 - 0x72c39000 	C:\Windows\SYSTEM32\dwmapi.dll
0x743b0000 - 0x743b9000 	C:\Windows\SYSTEM32\CRYPTBASE.dll
0x74350000 - 0x743a1000 	C:\Windows\SYSTEM32\bcryptPrimitives.dll
0x759c0000 - 0x75a35000 	C:\Windows\SYSTEM32\shcore.dll
0x696b0000 - 0x696da000 	D:\Program Files\Java\jre7\bin\fontmanager.dll
0x6df90000 - 0x6dfa4000 	D:\Program Files\Java\jre7\bin\net.dll
0x73ed0000 - 0x73f1a000 	C:\Windows\system32\mswsock.dll
0x6df80000 - 0x6df8f000 	D:\Program Files\Java\jre7\bin\nio.dll
0x66d30000 - 0x66ee5000 	C:\Windows\system32\d3d9.dll
0x61860000 - 0x626ce000 	C:\Windows\SYSTEM32\nvd3dum.dll
0x744d0000 - 0x7450f000 	C:\Windows\SYSTEM32\powrprof.dll
0x06f50000 - 0x0705a000 	C:\Program Files\NVIDIA Corporation\3D Vision\nvSCPAPI.dll
0x679c0000 - 0x679e4000 	D:\Program Files\Java\jre7\bin\dcpr.dll
0x74e10000 - 0x74e84000 	C:\Windows\SYSTEM32\clbcatq.dll
0x71710000 - 0x71856000 	C:\Windows\SYSTEM32\WindowsCodecs.dll
0x74520000 - 0x74531000 	C:\Windows\SYSTEM32\profapi.dll
0x63dc0000 - 0x63df1000 	D:\Program Files\Java\jre7\bin\t2k.dll
0x57220000 - 0x57572000 	C:\Windows\SYSTEM32\GooglePinyin2.ime
0x74650000 - 0x747d8000 	C:\Windows\system32\CRYPT32.dll
0x65330000 - 0x65344000 	C:\Windows\SYSTEM32\USP10.dll
0x74910000 - 0x74953000 	C:\Windows\system32\WINTRUST.dll
0x6eda0000 - 0x6eda6000 	C:\Windows\SYSTEM32\MSIMG32.dll
0x75720000 - 0x75883000 	C:\Windows\WinSxS\x86_microsoft.windows.gdiplus_6595b64144ccf1df_1.1.9200.16384_none_ba245425e0986353\gdiplus.dll
0x72590000 - 0x726b9000 	C:\Windows\SYSTEM32\dbghelp.dll
0x73d10000 - 0x73d2b000 	C:\Windows\SYSTEM32\USERENV.dll
0x74a60000 - 0x74c19000 	C:\Windows\system32\WININET.dll
0x745a0000 - 0x745b2000 	C:\Windows\system32\MSASN1.dll
0x74e90000 - 0x75030000 	C:\Windows\system32\iertutil.dll
0x737c0000 - 0x737e6000 	C:\Windows\SYSTEM32\ntmarta.dll
0x74320000 - 0x74343000 	C:\Windows\SYSTEM32\SspiCli.dll
0x6eb10000 - 0x6ec74000 	C:\Windows\System32\msxml3.dll
0x71a10000 - 0x71b6f000 	C:\Windows\SYSTEM32\DWrite.dll
0x73f20000 - 0x73f3a000 	C:\Windows\SYSTEM32\CRYPTSP.dll
0x73c40000 - 0x73c7e000 	C:\Windows\system32\rsaenh.dll
0x6d8f0000 - 0x6d8fa000 	D:\Program Files\Java\jre7\bin\management.dll
0x70570000 - 0x70580000 	C:\Windows\system32\napinsp.dll
0x70550000 - 0x70564000 	C:\Windows\system32\pnrpnsp.dll
0x72da0000 - 0x72db0000 	C:\Windows\system32\NLAapi.dll
0x73d60000 - 0x73dd5000 	C:\Windows\SYSTEM32\DNSAPI.dll
0x70540000 - 0x70549000 	C:\Windows\System32\winrnr.dll
0x70450000 - 0x70457000 	C:\Windows\System32\rasadhlp.dll
0x71d20000 - 0x71d40000 	C:\Windows\SYSTEM32\IPHLPAPI.DLL
0x71cd0000 - 0x71cd8000 	C:\Windows\SYSTEM32\WINNSI.DLL
0x71be0000 - 0x71c1f000 	C:\Windows\System32\fwpuclnt.dll
0x5b790000 - 0x5b81e000 	D:\Program Files\Java\jre7\bin\mlib_image.dll

VM Arguments:
jvm_args: -Dfile.encoding=UTF-8 
java_command: ekaiser.nzlov.ekaisermanage.main.ClientMain
Launcher Type: SUN_STANDARD

Environment Variables:
JAVA_HOME=D:\Program Files\Java\jdk1.7.0_05
CLASSPATH=.;D:\Program Files\Java\jdk1.7.0_05\lib\dt.jar;D:\Program Files\Java\jdk1.7.0_05\lib\tools.jar
PATH=D:/Program Files/Java/jre7/bin/client;D:/Program Files/Java/jre7/bin;D:/Program Files/Java/jre7/lib/i386;C:\Program Files\NVIDIA Corporation\PhysX\Common;C:\Windows\system32;C:\Windows;C:\Windows\System32\Wbem;C:\Windows\System32\WindowsPowerShell\v1.0\;D:\Program Files\Java\jdk1.7.0_05\bin;C:\Program Files\MySQL\MySQL Server 5.5\bin;D:\Program Files\eclipse;
USERNAME=nzlov
OS=Windows_NT
PROCESSOR_IDENTIFIER=x86 Family 6 Model 37 Stepping 5, GenuineIntel



---------------  S Y S T E M  ---------------

OS: Windows 8 Build 9200 

CPU:total 4 (2 cores per cpu, 2 threads per core) family 6 model 37 stepping 5, cmov, cx8, fxsr, mmx, sse, sse2, sse3, ssse3, sse4.1, sse4.2, popcnt, ht, tsc, tscinvbit

Memory: 4k page, physical 3136008k(911808k free), swap 6281736k(2205496k free)

vm_info: Java HotSpot(TM) Client VM (23.6-b04) for windows-x86 JRE (1.7.0_11-b21), built on Jan 12 2013 02:19:22 by "java_re" with unknown MS VC++:1600

time: Wed Jan 23 14:25:31 2013
elapsed time: 26 seconds

