#
# A fatal error has been detected by the Java Runtime Environment:
#
#  EXCEPTION_ACCESS_VIOLATION (0xc0000005) at pc=0x572c7f17, pid=7588, tid=7012
#
# JRE version: 7.0_11-b21
# Java VM: Java HotSpot(TM) Client VM (23.6-b04 mixed mode, sharing windows-x86 )
# Problematic frame:
# C  [GooglePinyin2.ime+0xa7f17]  DllRegisterServer+0x43d47
#
# Failed to write core dump. Minidumps are not enabled by default on client versions of Windows
#
# If you would like to submit a bug report, please visit:
#   http://bugreport.sun.com/bugreport/crash.jsp
# The crash happened outside the Java Virtual Machine in native code.
# See problematic frame for where to report the bug.
#

---------------  T H R E A D  ---------------

Current thread (0x04d8c800):  JavaThread "AWT-Windows" daemon [_thread_in_native, id=7012, stack(0x04f50000,0x04fa0000)]

siginfo: ExceptionCode=0xc0000005, reading address 0x00000004

Registers:
EAX=0x0b02d430, EBX=0x0affd5e0, ECX=0x00000000, EDX=0x00000002
ESP=0x04f9f120, EBP=0x04f9f158, ESI=0x0b02d430, EDI=0x00000002
EIP=0x572c7f17, EFLAGS=0x00010246

Top of Stack: (sp=0x04f9f120)
0x04f9f120:   00000001 572c56ba 00090caa 0b02d430
0x04f9f130:   00000111 00000002 00090caa 572c5c72
0x04f9f140:   0b02d430 04f9f158 00000001 00000111
0x04f9f150:   04f9f184 00000000 00000000 75897443
0x04f9f160:   00090caa 00000111 00000002 00090caa
0x04f9f170:   00000111 dcbaabcd 00000000 00000001
0x04f9f180:   00000111 04f9f1fc 75897630 572c5c20
0x04f9f190:   00090caa 00000111 00000002 00090caa 

Instructions: (pc=0x572c7f17)
0x572c7ef7:   d8 83 e8 01 83 c4 0c c3 83 c8 ff 83 c4 0c c3 cc
0x572c7f07:   cc cc cc cc cc cc cc cc cc 53 8b 58 04 8b 4b 50
0x572c7f17:   8b 49 04 56 57 52 e8 5e 96 ff ff 85 c0 74 29 8b
0x572c7f27:   70 1c 85 f6 74 22 83 78 18 10 72 05 8b 40 04 eb 


Register to memory mapping:

EAX=0x0b02d430 is an unknown value
EBX=0x0affd5e0 is an unknown value
ECX=0x00000000 is an unknown value
EDX=0x00000002 is an unknown value
ESP=0x04f9f120 is pointing into the stack for thread: 0x04d8c800
EBP=0x04f9f158 is pointing into the stack for thread: 0x04d8c800
ESI=0x0b02d430 is an unknown value
EDI=0x00000002 is an unknown value


Stack: [0x04f50000,0x04fa0000],  sp=0x04f9f120,  free space=316k
Native frames: (J=compiled Java code, j=interpreted, Vv=VM code, C=native code)
C  [GooglePinyin2.ime+0xa7f17]  DllRegisterServer+0x43d47

Java frames: (J=compiled Java code, j=interpreted, Vv=VM code)
j  sun.awt.windows.WToolkit.eventLoop()V+0
j  sun.awt.windows.WToolkit.run()V+49
j  java.lang.Thread.run()V+11
v  ~StubRoutines::call_stub

---------------  P R O C E S S  ---------------

Java Threads: ( => current thread )
  0x07ff3000 JavaThread "Thread-0" daemon [_thread_in_native, id=604, stack(0x0fc60000,0x0fcb0000)]
  0x07ff2400 JavaThread "TimerQueue" daemon [_thread_blocked, id=8920, stack(0x0ef30000,0x0ef80000)]
  0x07f12c00 JavaThread "NioProcessor-2" [_thread_in_native, id=11976, stack(0x0ed00000,0x0ed50000)]
  0x07f85800 JavaThread "pool-2-thread-1" [_thread_blocked, id=2320, stack(0x0ecb0000,0x0ed00000)]
  0x07db8c00 JavaThread "Trident pulse source thread" daemon [_thread_blocked, id=9472, stack(0x083a0000,0x083f0000)]
  0x07db6400 JavaThread "Trident callback thread" daemon [_thread_blocked, id=11360, stack(0x08350000,0x083a0000)]
  0x07da3800 JavaThread "Substance heap status" daemon [_thread_blocked, id=8896, stack(0x07ca0000,0x07cf0000)]
  0x0124b000 JavaThread "DestroyJavaVM" [_thread_blocked, id=10188, stack(0x02400000,0x02450000)]
  0x04d8ec00 JavaThread "AWT-EventQueue-0" [_thread_blocked, id=5236, stack(0x05030000,0x05080000)]
=>0x04d8c800 JavaThread "AWT-Windows" daemon [_thread_in_native, id=7012, stack(0x04f50000,0x04fa0000)]
  0x04d8c000 JavaThread "AWT-Shutdown" [_thread_blocked, id=8100, stack(0x04f00000,0x04f50000)]
  0x04d89800 JavaThread "Java2D Disposer" daemon [_thread_blocked, id=7476, stack(0x04eb0000,0x04f00000)]
  0x02528400 JavaThread "Service Thread" daemon [_thread_blocked, id=2932, stack(0x04c10000,0x04c60000)]
  0x0251cc00 JavaThread "C1 CompilerThread0" daemon [_thread_blocked, id=3868, stack(0x04bc0000,0x04c10000)]
  0x0251bc00 JavaThread "Attach Listener" daemon [_thread_blocked, id=9044, stack(0x04b70000,0x04bc0000)]
  0x02519c00 JavaThread "Signal Dispatcher" daemon [_thread_blocked, id=7940, stack(0x04b20000,0x04b70000)]
  0x024f5000 JavaThread "Finalizer" daemon [_thread_blocked, id=7948, stack(0x04ad0000,0x04b20000)]
  0x024f3800 JavaThread "Reference Handler" daemon [_thread_blocked, id=192, stack(0x04a80000,0x04ad0000)]

Other Threads:
  0x024f2000 VMThread [stack: 0x04a30000,0x04a80000] [id=3012]
  0x0254e800 WatcherThread [stack: 0x04c60000,0x04cb0000] [id=2196]

VM state:not at safepoint (normal execution)

VM Mutex/Monitor currently owned by a thread: None

Heap
 def new generation   total 4928K, used 3427K [0x239f0000, 0x23f40000, 0x28f40000)
  eden space 4416K,  77% used [0x239f0000, 0x23d43bb0, 0x23e40000)
  from space 512K,   4% used [0x23e40000, 0x23e45268, 0x23ec0000)
  to   space 512K,   0% used [0x23ec0000, 0x23ec0000, 0x23f40000)
 tenured generation   total 10944K, used 7188K [0x28f40000, 0x299f0000, 0x339f0000)
   the space 10944K,  65% used [0x28f40000, 0x29645198, 0x29645200, 0x299f0000)
 compacting perm gen  total 12288K, used 5802K [0x339f0000, 0x345f0000, 0x379f0000)
   the space 12288K,  47% used [0x339f0000, 0x33f9aa70, 0x33f9ac00, 0x345f0000)
    ro space 10240K,  42% used [0x379f0000, 0x37e30ce0, 0x37e30e00, 0x383f0000)
    rw space 12288K,  54% used [0x383f0000, 0x38a70e30, 0x38a71000, 0x38ff0000)

Card table byte_map: [0x048d0000,0x04980000] byte_map_base: 0x047b3080

Polling page: 0x01220000

Code Cache  [0x02850000, 0x029c8000, 0x04850000)
 total_blobs=933 nmethods=657 adapters=211 free_code_cache=31286Kb largest_free_block=32035776

Compilation events (10 events):
Event: 26.072 Thread 0x0251cc00  663             javax.swing.SwingUtilities::getWindowAncestor (31 bytes)
Event: 26.072 Thread 0x0251cc00 nmethod 663 0x029c1148 code [0x029c1260, 0x029c1378]
Event: 26.072 Thread 0x0251cc00  664             java.util.ArrayList$Itr::next (66 bytes)
Event: 26.072 Thread 0x0251cc00 nmethod 664 0x029c1448 code [0x029c1580, 0x029c17c4]
Event: 26.072 Thread 0x0251cc00  665             sun.awt.image.IntegerInterleavedRaster::getDataElements (154 bytes)
Event: 26.073 Thread 0x0251cc00 nmethod 665 0x029c1a48 code [0x029c1b70, 0x029c1ef8]
Event: 26.109 Thread 0x0251cc00  666             org.pushingpixels.trident.Timeline$Chain::onTimelinePulse (169 bytes)
Event: 26.110 Thread 0x0251cc00 nmethod 666 0x029c2108 code [0x029c22a0, 0x029c2610]
Event: 26.128 Thread 0x0251cc00  667             java.awt.geom.Path2D::contains (57 bytes)
Event: 26.129 Thread 0x0251cc00 nmethod 667 0x029c2988 code [0x029c2ab0, 0x029c2bcc]

GC Heap History (10 events):
Event: 1.167 GC heap before
{Heap before GC invocations=3 (full 0):
 def new generation   total 4928K, used 4920K [0x239f0000, 0x23f40000, 0x28f40000)
  eden space 4416K,  99% used [0x239f0000, 0x23e3e340, 0x23e40000)
  from space 512K, 100% used [0x23ec0000, 0x23f40000, 0x23f40000)
  to   space 512K,   0% used [0x23e40000, 0x23e40000, 0x23ec0000)
 tenured generation   total 10944K, used 2877K [0x28f40000, 0x299f0000, 0x339f0000)
   the space 10944K,  26% used [0x28f40000, 0x2920f788, 0x2920f800, 0x299f0000)
 compacting perm gen  total 12288K, used 3358K [0x339f0000, 0x345f0000, 0x379f0000)
   the space 12288K,  27% used [0x339f0000, 0x33d37a40, 0x33d37c00, 0x345f0000)
    ro space 10240K,  42% used [0x379f0000, 0x37e30ce0, 0x37e30e00, 0x383f0000)
    rw space 12288K,  54% used [0x383f0000, 0x38a70e30, 0x38a71000, 0x38ff0000)
Event: 1.172 GC heap after
Heap after GC invocations=4 (full 0):
 def new generation   total 4928K, used 512K [0x239f0000, 0x23f40000, 0x28f40000)
  eden space 4416K,   0% used [0x239f0000, 0x239f0000, 0x23e40000)
  from space 512K, 100% used [0x23e40000, 0x23ec0000, 0x23ec0000)
  to   space 512K,   0% used [0x23ec0000, 0x23ec0000, 0x23f40000)
 tenured generation   total 10944K, used 3842K [0x28f40000, 0x299f0000, 0x339f0000)
   the space 10944K,  35% used [0x28f40000, 0x29300908, 0x29300a00, 0x299f0000)
 compacting perm gen  total 12288K, used 3358K [0x339f0000, 0x345f0000, 0x379f0000)
   the space 12288K,  27% used [0x339f0000, 0x33d37a40, 0x33d37c00, 0x345f0000)
    ro space 10240K,  42% used [0x379f0000, 0x37e30ce0, 0x37e30e00, 0x383f0000)
    rw space 12288K,  54% used [0x383f0000, 0x38a70e30, 0x38a71000, 0x38ff0000)
}
Event: 1.269 GC heap before
{Heap before GC invocations=4 (full 0):
 def new generation   total 4928K, used 4928K [0x239f0000, 0x23f40000, 0x28f40000)
  eden space 4416K, 100% used [0x239f0000, 0x23e40000, 0x23e40000)
  from space 512K, 100% used [0x23e40000, 0x23ec0000, 0x23ec0000)
  to   space 512K,   0% used [0x23ec0000, 0x23ec0000, 0x23f40000)
 tenured generation   total 10944K, used 3842K [0x28f40000, 0x299f0000, 0x339f0000)
   the space 10944K,  35% used [0x28f40000, 0x29300908, 0x29300a00, 0x299f0000)
 compacting perm gen  total 12288K, used 4094K [0x339f0000, 0x345f0000, 0x379f0000)
   the space 12288K,  33% used [0x339f0000, 0x33defb48, 0x33defc00, 0x345f0000)
    ro space 10240K,  42% used [0x379f0000, 0x37e30ce0, 0x37e30e00, 0x383f0000)
    rw space 12288K,  54% used [0x383f0000, 0x38a70e30, 0x38a71000, 0x38ff0000)
Event: 1.274 GC heap after
Heap after GC invocations=5 (full 0):
 def new generation   total 4928K, used 511K [0x239f0000, 0x23f40000, 0x28f40000)
  eden space 4416K,   0% used [0x239f0000, 0x239f0000, 0x23e40000)
  from space 512K,  99% used [0x23ec0000, 0x23f3fff8, 0x23f40000)
  to   space 512K,   0% used [0x23e40000, 0x23e40000, 0x23ec0000)
 tenured generation   total 10944K, used 4688K [0x28f40000, 0x299f0000, 0x339f0000)
   the space 10944K,  42% used [0x28f40000, 0x293d4278, 0x293d4400, 0x299f0000)
 compacting perm gen  total 12288K, used 4094K [0x339f0000, 0x345f0000, 0x379f0000)
   the space 12288K,  33% used [0x339f0000, 0x33defb48, 0x33defc00, 0x345f0000)
    ro space 10240K,  42% used [0x379f0000, 0x37e30ce0, 0x37e30e00, 0x383f0000)
    rw space 12288K,  54% used [0x383f0000, 0x38a70e30, 0x38a71000, 0x38ff0000)
}
Event: 2.661 GC heap before
{Heap before GC invocations=5 (full 0):
 def new generation   total 4928K, used 4927K [0x239f0000, 0x23f40000, 0x28f40000)
  eden space 4416K, 100% used [0x239f0000, 0x23e40000, 0x23e40000)
  from space 512K,  99% used [0x23ec0000, 0x23f3fff8, 0x23f40000)
  to   space 512K,   0% used [0x23e40000, 0x23e40000, 0x23ec0000)
 tenured generation   total 10944K, used 4688K [0x28f40000, 0x299f0000, 0x339f0000)
   the space 10944K,  42% used [0x28f40000, 0x293d4278, 0x293d4400, 0x299f0000)
 compacting perm gen  total 12288K, used 5284K [0x339f0000, 0x345f0000, 0x379f0000)
   the space 12288K,  43% used [0x339f0000, 0x33f19398, 0x33f19400, 0x345f0000)
    ro space 10240K,  42% used [0x379f0000, 0x37e30ce0, 0x37e30e00, 0x383f0000)
    rw space 12288K,  54% used [0x383f0000, 0x38a70e30, 0x38a71000, 0x38ff0000)
Event: 2.666 GC heap after
Heap after GC invocations=6 (full 0):
 def new generation   total 4928K, used 512K [0x239f0000, 0x23f40000, 0x28f40000)
  eden space 4416K,   0% used [0x239f0000, 0x239f0000, 0x23e40000)
  from space 512K, 100% used [0x23e40000, 0x23ec0000, 0x23ec0000)
  to   space 512K,   0% used [0x23ec0000, 0x23ec0000, 0x23f40000)
 tenured generation   total 10944K, used 5205K [0x28f40000, 0x299f0000, 0x339f0000)
   the space 10944K,  47% used [0x28f40000, 0x29455448, 0x29455600, 0x299f0000)
 compacting perm gen  total 12288K, used 5284K [0x339f0000, 0x345f0000, 0x379f0000)
   the space 12288K,  43% used [0x339f0000, 0x33f19398, 0x33f19400, 0x345f0000)
    ro space 10240K,  42% used [0x379f0000, 0x37e30ce0, 0x37e30e00, 0x383f0000)
    rw space 12288K,  54% used [0x383f0000, 0x38a70e30, 0x38a71000, 0x38ff0000)
}
Event: 14.793 GC heap before
{Heap before GC invocations=6 (full 0):
 def new generation   total 4928K, used 4928K [0x239f0000, 0x23f40000, 0x28f40000)
  eden space 4416K, 100% used [0x239f0000, 0x23e40000, 0x23e40000)
  from space 512K, 100% used [0x23e40000, 0x23ec0000, 0x23ec0000)
  to   space 512K,   0% used [0x23ec0000, 0x23ec0000, 0x23f40000)
 tenured generation   total 10944K, used 5205K [0x28f40000, 0x299f0000, 0x339f0000)
   the space 10944K,  47% used [0x28f40000, 0x29455448, 0x29455600, 0x299f0000)
 compacting perm gen  total 12288K, used 5800K [0x339f0000, 0x345f0000, 0x379f0000)
   the space 12288K,  47% used [0x339f0000, 0x33f9a0f8, 0x33f9a200, 0x345f0000)
    ro space 10240K,  42% used [0x379f0000, 0x37e30ce0, 0x37e30e00, 0x383f0000)
    rw space 12288K,  54% used [0x383f0000, 0x38a70e30, 0x38a71000, 0x38ff0000)
Event: 14.797 GC heap after
Heap after GC invocations=7 (full 0):
 def new generation   total 4928K, used 371K [0x239f0000, 0x23f40000, 0x28f40000)
  eden space 4416K,   0% used [0x239f0000, 0x239f0000, 0x23e40000)
  from space 512K,  72% used [0x23ec0000, 0x23f1ced8, 0x23f40000)
  to   space 512K,   0% used [0x23e40000, 0x23e40000, 0x23ec0000)
 tenured generation   total 10944K, used 6903K [0x28f40000, 0x299f0000, 0x339f0000)
   the space 10944K,  63% used [0x28f40000, 0x295fde60, 0x295fe000, 0x299f0000)
 compacting perm gen  total 12288K, used 5800K [0x339f0000, 0x345f0000, 0x379f0000)
   the space 12288K,  47% used [0x339f0000, 0x33f9a0f8, 0x33f9a200, 0x345f0000)
    ro space 10240K,  42% used [0x379f0000, 0x37e30ce0, 0x37e30e00, 0x383f0000)
    rw space 12288K,  54% used [0x383f0000, 0x38a70e30, 0x38a71000, 0x38ff0000)
}
Event: 25.304 GC heap before
{Heap before GC invocations=7 (full 0):
 def new generation   total 4928K, used 4787K [0x239f0000, 0x23f40000, 0x28f40000)
  eden space 4416K, 100% used [0x239f0000, 0x23e40000, 0x23e40000)
  from space 512K,  72% used [0x23ec0000, 0x23f1ced8, 0x23f40000)
  to   space 512K,   0% used [0x23e40000, 0x23e40000, 0x23ec0000)
 tenured generation   total 10944K, used 6903K [0x28f40000, 0x299f0000, 0x339f0000)
   the space 10944K,  63% used [0x28f40000, 0x295fde60, 0x295fe000, 0x299f0000)
 compacting perm gen  total 12288K, used 5801K [0x339f0000, 0x345f0000, 0x379f0000)
   the space 12288K,  47% used [0x339f0000, 0x33f9a648, 0x33f9a800, 0x345f0000)
    ro space 10240K,  42% used [0x379f0000, 0x37e30ce0, 0x37e30e00, 0x383f0000)
    rw space 12288K,  54% used [0x383f0000, 0x38a70e30, 0x38a71000, 0x38ff0000)
Event: 25.306 GC heap after
Heap after GC invocations=8 (full 0):
 def new generation   total 4928K, used 20K [0x239f0000, 0x23f40000, 0x28f40000)
  eden space 4416K,   0% used [0x239f0000, 0x239f0000, 0x23e40000)
  from space 512K,   4% used [0x23e40000, 0x23e45268, 0x23ec0000)
  to   space 512K,   0% used [0x23ec0000, 0x23ec0000, 0x23f40000)
 tenured generation   total 10944K, used 7188K [0x28f40000, 0x299f0000, 0x339f0000)
   the space 10944K,  65% used [0x28f40000, 0x29645198, 0x29645200, 0x299f0000)
 compacting perm gen  total 12288K, used 5801K [0x339f0000, 0x345f0000, 0x379f0000)
   the space 12288K,  47% used [0x339f0000, 0x33f9a648, 0x33f9a800, 0x345f0000)
    ro space 10240K,  42% used [0x379f0000, 0x37e30ce0, 0x37e30e00, 0x383f0000)
    rw space 12288K,  54% used [0x383f0000, 0x38a70e30, 0x38a71000, 0x38ff0000)
}

Deoptimization events (0 events):
No events

Internal exceptions (10 events):
Event: 11.279 Thread 0x07f12c00 Threw 0x23d6a7c0 at C:\jdk7u1_32P\jdk7u11\hotspot\src\share\vm\prims\jvm.cpp:1166
Event: 11.279 Thread 0x07f12c00 Threw 0x23d6dfb0 at C:\jdk7u1_32P\jdk7u11\hotspot\src\share\vm\prims\jvm.cpp:1166
Event: 11.280 Thread 0x07f12c00 Threw 0x23d71e88 at C:\jdk7u1_32P\jdk7u11\hotspot\src\share\vm\prims\jvm.cpp:1166
Event: 11.280 Thread 0x07f12c00 Threw 0x23d75de8 at C:\jdk7u1_32P\jdk7u11\hotspot\src\share\vm\prims\jvm.cpp:1166
Event: 11.281 Thread 0x07f12c00 Threw 0x23d7a490 at C:\jdk7u1_32P\jdk7u11\hotspot\src\share\vm\prims\jvm.cpp:1166
Event: 11.281 Thread 0x07f12c00 Threw 0x23d7d158 at C:\jdk7u1_32P\jdk7u11\hotspot\src\share\vm\prims\jvm.cpp:1166
Event: 11.281 Thread 0x07f12c00 Threw 0x23d81b88 at C:\jdk7u1_32P\jdk7u11\hotspot\src\share\vm\prims\jvm.cpp:1166
Event: 13.020 Thread 0x04d8ec00 Threw 0x23dc3fa0 at C:\jdk7u1_32P\jdk7u11\hotspot\src\share\vm\prims\jvm.cpp:1166
Event: 25.082 Thread 0x04d8ec00 Threw 0x23bcf9b0 at C:\jdk7u1_32P\jdk7u11\hotspot\src\share\vm\prims\jvm.cpp:1166
Event: 26.043 Thread 0x04d8ec00 Threw 0x23c1df20 at C:\jdk7u1_32P\jdk7u11\hotspot\src\share\vm\prims\jvm.cpp:1166

Events (10 events):
Event: 25.581 Executing VM operation: RevokeBias
Event: 25.581 Executing VM operation: RevokeBias done
Event: 26.043 loading class 0x04dc4098
Event: 26.043 loading class 0x04dc4098 done
Event: 26.068 Executing VM operation: RevokeBias
Event: 26.068 Executing VM operation: RevokeBias done
Event: 26.129 Thread 0x07ff0400 Thread added: 0x07ff0400
Event: 26.129 Thread 0x07ff3000 Thread added: 0x07ff3000
Event: 26.129 Thread 0x07ff0400 Thread exited: 0x07ff0400
Event: 26.129 Thread 0x07f13000 Thread exited: 0x07f13000


Dynamic libraries:
0x00cc0000 - 0x00cef000 	D:\Program Files\Java\jre7\bin\javaw.exe
0x76ee0000 - 0x77047000 	C:\Windows\SYSTEM32\ntdll.dll
0x74960000 - 0x74a58000 	C:\Windows\system32\KERNEL32.DLL
0x74850000 - 0x7490d000 	C:\Windows\system32\KERNELBASE.dll
0x73940000 - 0x739e7000 	C:\Windows\system32\apphelp.dll
0x64f10000 - 0x65180000 	C:\Windows\AppPatch\AcLayers.DLL
0x75660000 - 0x75711000 	C:\Windows\system32\msvcrt.dll
0x75890000 - 0x759b1000 	C:\Windows\system32\USER32.dll
0x74c20000 - 0x74d2a000 	C:\Windows\system32\GDI32.dll
0x75ce0000 - 0x76da6000 	C:\Windows\system32\SHELL32.dll
0x75b70000 - 0x75bb0000 	C:\Windows\system32\SHLWAPI.dll
0x75c10000 - 0x75c9b000 	C:\Windows\system32\OLEAUT32.dll
0x72230000 - 0x72243000 	C:\Windows\SYSTEM32\MPR.dll
0x75030000 - 0x751df000 	C:\Windows\system32\SETUPAPI.dll
0x6cf80000 - 0x6cf83000 	C:\Windows\SYSTEM32\sfc.dll
0x738d0000 - 0x73930000 	C:\Windows\SYSTEM32\WINSPOOL.DRV
0x754d0000 - 0x755a2000 	C:\Windows\system32\RPCRT4.dll
0x751e0000 - 0x75316000 	C:\Windows\SYSTEM32\combase.dll
0x74800000 - 0x74846000 	C:\Windows\system32\CFGMGR32.dll
0x747e0000 - 0x747fe000 	C:\Windows\system32\DEVOBJ.dll
0x6dc00000 - 0x6dc0e000 	C:\Windows\SYSTEM32\sfc_os.DLL
0x75320000 - 0x7534b000 	C:\Windows\system32\IMM32.DLL
0x74d30000 - 0x74e0d000 	C:\Windows\system32\MSCTF.dll
0x755b0000 - 0x7565e000 	C:\Windows\system32\ADVAPI32.dll
0x728a0000 - 0x72a97000 	C:\Windows\WinSxS\x86_microsoft.windows.common-controls_6595b64144ccf1df_6.0.9200.16384_none_893961408605e985\COMCTL32.dll
0x75ca0000 - 0x75cd4000 	C:\Windows\SYSTEM32\sechost.dll
0x6e350000 - 0x6e40e000 	D:\Program Files\Java\jre7\bin\msvcr100.dll
0x6e000000 - 0x6e34c000 	D:\Program Files\Java\jre7\bin\client\jvm.dll
0x6ec80000 - 0x6ec88000 	C:\Windows\SYSTEM32\WSOCK32.dll
0x6fd80000 - 0x6fda1000 	C:\Windows\SYSTEM32\WINMM.dll
0x75a40000 - 0x75a46000 	C:\Windows\system32\PSAPI.DLL
0x75380000 - 0x753d0000 	C:\Windows\system32\WS2_32.dll
0x6fd50000 - 0x6fd7a000 	C:\Windows\SYSTEM32\WINMMBASE.dll
0x75370000 - 0x75378000 	C:\Windows\system32\NSI.dll
0x6dff0000 - 0x6dffc000 	D:\Program Files\Java\jre7\bin\verify.dll
0x6dfd0000 - 0x6dff0000 	D:\Program Files\Java\jre7\bin\java.dll
0x6dfb0000 - 0x6dfc3000 	D:\Program Files\Java\jre7\bin\zip.dll
0x53650000 - 0x53792000 	D:\Program Files\Java\jre7\bin\awt.dll
0x735d0000 - 0x73677000 	C:\Windows\system32\uxtheme.dll
0x10000000 - 0x1007a000 	C:\Program Files\kingsoft\kingsoft antivirus\kwsui.dll
0x75a50000 - 0x75b69000 	C:\Windows\system32\ole32.dll
0x73930000 - 0x73938000 	C:\Windows\SYSTEM32\VERSION.dll
0x05c50000 - 0x05da5000 	c:\program files\kingsoft\ksafe\ksfmon.dll
0x72c20000 - 0x72c39000 	C:\Windows\SYSTEM32\dwmapi.dll
0x743b0000 - 0x743b9000 	C:\Windows\SYSTEM32\CRYPTBASE.dll
0x74350000 - 0x743a1000 	C:\Windows\SYSTEM32\bcryptPrimitives.dll
0x759c0000 - 0x75a35000 	C:\Windows\SYSTEM32\shcore.dll
0x63dd0000 - 0x63dfa000 	D:\Program Files\Java\jre7\bin\fontmanager.dll
0x6df90000 - 0x6dfa4000 	D:\Program Files\Java\jre7\bin\net.dll
0x73ed0000 - 0x73f1a000 	C:\Windows\system32\mswsock.dll
0x6df80000 - 0x6df8f000 	D:\Program Files\Java\jre7\bin\nio.dll
0x66d30000 - 0x66ee5000 	C:\Windows\system32\d3d9.dll
0x61860000 - 0x626ce000 	C:\Windows\SYSTEM32\nvd3dum.dll
0x744d0000 - 0x7450f000 	C:\Windows\SYSTEM32\powrprof.dll
0x07b80000 - 0x07c8a000 	C:\Program Files\NVIDIA Corporation\3D Vision\nvSCPAPI.dll
0x63da0000 - 0x63dc4000 	D:\Program Files\Java\jre7\bin\dcpr.dll
0x74e10000 - 0x74e84000 	C:\Windows\SYSTEM32\clbcatq.dll
0x71710000 - 0x71856000 	C:\Windows\SYSTEM32\WindowsCodecs.dll
0x74520000 - 0x74531000 	C:\Windows\SYSTEM32\profapi.dll
0x63d60000 - 0x63d91000 	D:\Program Files\Java\jre7\bin\t2k.dll
0x57220000 - 0x57572000 	C:\Windows\SYSTEM32\GooglePinyin2.ime
0x74650000 - 0x747d8000 	C:\Windows\system32\CRYPT32.dll
0x65330000 - 0x65344000 	C:\Windows\SYSTEM32\USP10.dll
0x74910000 - 0x74953000 	C:\Windows\system32\WINTRUST.dll
0x6eda0000 - 0x6eda6000 	C:\Windows\SYSTEM32\MSIMG32.dll
0x75720000 - 0x75883000 	C:\Windows\WinSxS\x86_microsoft.windows.gdiplus_6595b64144ccf1df_1.1.9200.16384_none_ba245425e0986353\gdiplus.dll
0x72590000 - 0x726b9000 	C:\Windows\SYSTEM32\dbghelp.dll
0x73d10000 - 0x73d2b000 	C:\Windows\SYSTEM32\USERENV.dll
0x74a60000 - 0x74c19000 	C:\Windows\system32\WININET.dll
0x745a0000 - 0x745b2000 	C:\Windows\system32\MSASN1.dll
0x74e90000 - 0x75030000 	C:\Windows\system32\iertutil.dll
0x737c0000 - 0x737e6000 	C:\Windows\SYSTEM32\ntmarta.dll
0x74320000 - 0x74343000 	C:\Windows\SYSTEM32\SspiCli.dll
0x6eb10000 - 0x6ec74000 	C:\Windows\System32\msxml3.dll
0x71a10000 - 0x71b6f000 	C:\Windows\SYSTEM32\DWrite.dll
0x73f20000 - 0x73f3a000 	C:\Windows\SYSTEM32\CRYPTSP.dll
0x73c40000 - 0x73c7e000 	C:\Windows\system32\rsaenh.dll
0x6d8f0000 - 0x6d8fa000 	D:\Program Files\Java\jre7\bin\management.dll
0x70570000 - 0x70580000 	C:\Windows\system32\napinsp.dll
0x70550000 - 0x70564000 	C:\Windows\system32\pnrpnsp.dll
0x72da0000 - 0x72db0000 	C:\Windows\system32\NLAapi.dll
0x73d60000 - 0x73dd5000 	C:\Windows\SYSTEM32\DNSAPI.dll
0x70540000 - 0x70549000 	C:\Windows\System32\winrnr.dll
0x70450000 - 0x70457000 	C:\Windows\System32\rasadhlp.dll
0x71d20000 - 0x71d40000 	C:\Windows\SYSTEM32\IPHLPAPI.DLL
0x71cd0000 - 0x71cd8000 	C:\Windows\SYSTEM32\WINNSI.DLL
0x71be0000 - 0x71c1f000 	C:\Windows\System32\fwpuclnt.dll
0x52dc0000 - 0x52e4e000 	D:\Program Files\Java\jre7\bin\mlib_image.dll

VM Arguments:
jvm_args: -Dfile.encoding=UTF-8 
java_command: ekaiser.nzlov.ekaisermanage.main.ClientMain
Launcher Type: SUN_STANDARD

Environment Variables:
JAVA_HOME=D:\Program Files\Java\jdk1.7.0_05
CLASSPATH=.;D:\Program Files\Java\jdk1.7.0_05\lib\dt.jar;D:\Program Files\Java\jdk1.7.0_05\lib\tools.jar
PATH=D:/Program Files/Java/jre7/bin/client;D:/Program Files/Java/jre7/bin;D:/Program Files/Java/jre7/lib/i386;C:\Program Files\NVIDIA Corporation\PhysX\Common;C:\Windows\system32;C:\Windows;C:\Windows\System32\Wbem;C:\Windows\System32\WindowsPowerShell\v1.0\;D:\Program Files\Java\jdk1.7.0_05\bin;C:\Program Files\MySQL\MySQL Server 5.5\bin;D:\Program Files\eclipse;
USERNAME=nzlov
OS=Windows_NT
PROCESSOR_IDENTIFIER=x86 Family 6 Model 37 Stepping 5, GenuineIntel



---------------  S Y S T E M  ---------------

OS: Windows 8 Build 9200 

CPU:total 4 (2 cores per cpu, 2 threads per core) family 6 model 37 stepping 5, cmov, cx8, fxsr, mmx, sse, sse2, sse3, ssse3, sse4.1, sse4.2, popcnt, ht, tsc, tscinvbit

Memory: 4k page, physical 3136008k(912724k free), swap 6281736k(1657904k free)

vm_info: Java HotSpot(TM) Client VM (23.6-b04) for windows-x86 JRE (1.7.0_11-b21), built on Jan 12 2013 02:19:22 by "java_re" with unknown MS VC++:1600

time: Wed Jan 23 17:23:39 2013
elapsed time: 26 seconds

