#
# A fatal error has been detected by the Java Runtime Environment:
#
#  EXCEPTION_ACCESS_VIOLATION (0xc0000005) at pc=0x572c7f17, pid=1340, tid=7084
#
# JRE version: 7.0_11-b21
# Java VM: Java HotSpot(TM) Client VM (23.6-b04 mixed mode, sharing windows-x86 )
# Problematic frame:
# C  [GooglePinyin2.ime+0xa7f17]  DllRegisterServer+0x43d47
#
# Failed to write core dump. Minidumps are not enabled by default on client versions of Windows
#
# If you would like to submit a bug report, please visit:
#   http://bugreport.sun.com/bugreport/crash.jsp
# The crash happened outside the Java Virtual Machine in native code.
# See problematic frame for where to report the bug.
#

---------------  T H R E A D  ---------------

Current thread (0x045c7800):  JavaThread "AWT-Windows" daemon [_thread_in_native, id=7084, stack(0x04790000,0x047e0000)]

siginfo: ExceptionCode=0xc0000005, reading address 0x00000004

Registers:
EAX=0x0a84d7f0, EBX=0x0a81d5e0, ECX=0x00000000, EDX=0x00000002
ESP=0x047df060, EBP=0x047df098, ESI=0x0a84d7f0, EDI=0x00000002
EIP=0x572c7f17, EFLAGS=0x00010246

Top of Stack: (sp=0x047df060)
0x047df060:   00000001 572c56ba 00290b0c 0a84d7f0
0x047df070:   00000111 00000002 00290b0c 572c5c72
0x047df080:   0a84d7f0 047df098 00000001 00000111
0x047df090:   047df0c4 00000000 00000000 75897443
0x047df0a0:   00290b0c 00000111 00000002 00290b0c
0x047df0b0:   00000111 dcbaabcd 00000000 00000001
0x047df0c0:   00000111 047df13c 75897630 572c5c20
0x047df0d0:   00290b0c 00000111 00000002 00290b0c 

Instructions: (pc=0x572c7f17)
0x572c7ef7:   d8 83 e8 01 83 c4 0c c3 83 c8 ff 83 c4 0c c3 cc
0x572c7f07:   cc cc cc cc cc cc cc cc cc 53 8b 58 04 8b 4b 50
0x572c7f17:   8b 49 04 56 57 52 e8 5e 96 ff ff 85 c0 74 29 8b
0x572c7f27:   70 1c 85 f6 74 22 83 78 18 10 72 05 8b 40 04 eb 


Register to memory mapping:

EAX=0x0a84d7f0 is an unknown value
EBX=0x0a81d5e0 is an unknown value
ECX=0x00000000 is an unknown value
EDX=0x00000002 is an unknown value
ESP=0x047df060 is pointing into the stack for thread: 0x045c7800
EBP=0x047df098 is pointing into the stack for thread: 0x045c7800
ESI=0x0a84d7f0 is an unknown value
EDI=0x00000002 is an unknown value


Stack: [0x04790000,0x047e0000],  sp=0x047df060,  free space=316k
Native frames: (J=compiled Java code, j=interpreted, Vv=VM code, C=native code)
C  [GooglePinyin2.ime+0xa7f17]  DllRegisterServer+0x43d47

Java frames: (J=compiled Java code, j=interpreted, Vv=VM code)
j  sun.awt.windows.WToolkit.eventLoop()V+0
j  sun.awt.windows.WToolkit.run()V+49
j  java.lang.Thread.run()V+11
v  ~StubRoutines::call_stub

---------------  P R O C E S S  ---------------

Java Threads: ( => current thread )
  0x07767400 JavaThread "Thread-0" daemon [_thread_in_native, id=8544, stack(0x0f070000,0x0f0c0000)]
  0x07768400 JavaThread "TimerQueue" daemon [_thread_blocked, id=9752, stack(0x0e760000,0x0e7b0000)]
  0x0771b800 JavaThread "NioProcessor-2" [_thread_in_native, id=3008, stack(0x0e530000,0x0e580000)]
  0x0771b400 JavaThread "pool-2-thread-1" [_thread_blocked, id=9692, stack(0x0e4e0000,0x0e530000)]
  0x07558000 JavaThread "Trident pulse source thread" daemon [_thread_blocked, id=3448, stack(0x07bd0000,0x07c20000)]
  0x07557800 JavaThread "Trident callback thread" daemon [_thread_blocked, id=12040, stack(0x07b80000,0x07bd0000)]
  0x07535400 JavaThread "Substance heap status" daemon [_thread_blocked, id=48, stack(0x07910000,0x07960000)]
  0x00afb000 JavaThread "DestroyJavaVM" [_thread_blocked, id=9964, stack(0x00c50000,0x00ca0000)]
  0x045ca000 JavaThread "AWT-EventQueue-0" [_thread_blocked, id=7972, stack(0x05460000,0x054b0000)]
=>0x045c7800 JavaThread "AWT-Windows" daemon [_thread_in_native, id=7084, stack(0x04790000,0x047e0000)]
  0x045c6c00 JavaThread "AWT-Shutdown" [_thread_blocked, id=10656, stack(0x04740000,0x04790000)]
  0x045c6000 JavaThread "Java2D Disposer" daemon [_thread_blocked, id=1232, stack(0x046f0000,0x04740000)]
  0x01d76c00 JavaThread "Service Thread" daemon [_thread_blocked, id=6320, stack(0x04450000,0x044a0000)]
  0x01d6b400 JavaThread "C1 CompilerThread0" daemon [_thread_blocked, id=11672, stack(0x04400000,0x04450000)]
  0x01d6a000 JavaThread "Attach Listener" daemon [_thread_blocked, id=3836, stack(0x043b0000,0x04400000)]
  0x01d67c00 JavaThread "Signal Dispatcher" daemon [_thread_blocked, id=9356, stack(0x04360000,0x043b0000)]
  0x01d48400 JavaThread "Finalizer" daemon [_thread_blocked, id=9916, stack(0x04310000,0x04360000)]
  0x01d43800 JavaThread "Reference Handler" daemon [_thread_blocked, id=11540, stack(0x042c0000,0x04310000)]

Other Threads:
  0x01d42000 VMThread [stack: 0x04270000,0x042c0000] [id=5312]
  0x01d9c000 WatcherThread [stack: 0x044a0000,0x044f0000] [id=8268]

VM state:not at safepoint (normal execution)

VM Mutex/Monitor currently owned by a thread: None

Heap
 def new generation   total 9472K, used 3945K [0x239f0000, 0x24430000, 0x28f40000)
  eden space 8448K,  46% used [0x239f0000, 0x23dca528, 0x24230000)
  from space 1024K,   0% used [0x24230000, 0x24230000, 0x24330000)
  to   space 1024K,   0% used [0x24330000, 0x24330000, 0x24430000)
 tenured generation   total 20948K, used 14966K [0x28f40000, 0x2a3b5000, 0x339f0000)
   the space 20948K,  71% used [0x28f40000, 0x29ddd848, 0x29ddda00, 0x2a3b5000)
 compacting perm gen  total 12288K, used 5861K [0x339f0000, 0x345f0000, 0x379f0000)
   the space 12288K,  47% used [0x339f0000, 0x33fa94f0, 0x33fa9600, 0x345f0000)
    ro space 10240K,  42% used [0x379f0000, 0x37e30ce0, 0x37e30e00, 0x383f0000)
    rw space 12288K,  54% used [0x383f0000, 0x38a70e30, 0x38a71000, 0x38ff0000)

Card table byte_map: [0x04160000,0x04210000] byte_map_base: 0x04043080

Polling page: 0x00b00000

Code Cache  [0x02160000, 0x022d8000, 0x04160000)
 total_blobs=951 nmethods=672 adapters=213 free_code_cache=31273Kb largest_free_block=32022208

Compilation events (10 events):
Event: 27.147 Thread 0x01d6b400  678             java.awt.image.Raster::getWidth (5 bytes)
Event: 27.147 Thread 0x01d6b400 nmethod 678 0x022d5848 code [0x022d5940, 0x022d59c0]
Event: 27.147 Thread 0x01d6b400  679             java.awt.image.Raster::getHeight (5 bytes)
Event: 27.147 Thread 0x01d6b400 nmethod 679 0x022d5a08 code [0x022d5b00, 0x022d5b80]
Event: 27.181 Thread 0x01d6b400  680             java.lang.String::toString (2 bytes)
Event: 27.181 Thread 0x01d6b400 nmethod 680 0x022d5bc8 code [0x022d5cc0, 0x022d5d40]
Event: 27.186 Thread 0x01d6b400  681             javax.swing.RepaintManager::isDoubleBufferingEnabled (5 bytes)
Event: 27.186 Thread 0x01d6b400 nmethod 681 0x022d5d88 code [0x022d5e80, 0x022d5f00]
Event: 27.220 Thread 0x01d6b400  682             sun.util.locale.LocaleUtils::isUpper (18 bytes)
Event: 27.220 Thread 0x01d6b400 nmethod 682 0x022d5f48 code [0x022d6040, 0x022d60e0]

GC Heap History (10 events):
Event: 1.084 GC heap before
{Heap before GC invocations=3 (full 0):
 def new generation   total 4928K, used 4928K [0x239f0000, 0x23f40000, 0x28f40000)
  eden space 4416K, 100% used [0x239f0000, 0x23e40000, 0x23e40000)
  from space 512K, 100% used [0x23ec0000, 0x23f40000, 0x23f40000)
  to   space 512K,   0% used [0x23e40000, 0x23e40000, 0x23ec0000)
 tenured generation   total 10944K, used 2886K [0x28f40000, 0x299f0000, 0x339f0000)
   the space 10944K,  26% used [0x28f40000, 0x29211828, 0x29211a00, 0x299f0000)
 compacting perm gen  total 12288K, used 3358K [0x339f0000, 0x345f0000, 0x379f0000)
   the space 12288K,  27% used [0x339f0000, 0x33d37a40, 0x33d37c00, 0x345f0000)
    ro space 10240K,  42% used [0x379f0000, 0x37e30ce0, 0x37e30e00, 0x383f0000)
    rw space 12288K,  54% used [0x383f0000, 0x38a70e30, 0x38a71000, 0x38ff0000)
Event: 1.089 GC heap after
Heap after GC invocations=4 (full 0):
 def new generation   total 4928K, used 512K [0x239f0000, 0x23f40000, 0x28f40000)
  eden space 4416K,   0% used [0x239f0000, 0x239f0000, 0x23e40000)
  from space 512K, 100% used [0x23e40000, 0x23ec0000, 0x23ec0000)
  to   space 512K,   0% used [0x23ec0000, 0x23ec0000, 0x23f40000)
 tenured generation   total 10944K, used 3865K [0x28f40000, 0x299f0000, 0x339f0000)
   the space 10944K,  35% used [0x28f40000, 0x29306748, 0x29306800, 0x299f0000)
 compacting perm gen  total 12288K, used 3358K [0x339f0000, 0x345f0000, 0x379f0000)
   the space 12288K,  27% used [0x339f0000, 0x33d37a40, 0x33d37c00, 0x345f0000)
    ro space 10240K,  42% used [0x379f0000, 0x37e30ce0, 0x37e30e00, 0x383f0000)
    rw space 12288K,  54% used [0x383f0000, 0x38a70e30, 0x38a71000, 0x38ff0000)
}
Event: 1.184 GC heap before
{Heap before GC invocations=4 (full 0):
 def new generation   total 4928K, used 4928K [0x239f0000, 0x23f40000, 0x28f40000)
  eden space 4416K, 100% used [0x239f0000, 0x23e40000, 0x23e40000)
  from space 512K, 100% used [0x23e40000, 0x23ec0000, 0x23ec0000)
  to   space 512K,   0% used [0x23ec0000, 0x23ec0000, 0x23f40000)
 tenured generation   total 10944K, used 3865K [0x28f40000, 0x299f0000, 0x339f0000)
   the space 10944K,  35% used [0x28f40000, 0x29306748, 0x29306800, 0x299f0000)
 compacting perm gen  total 12288K, used 4094K [0x339f0000, 0x345f0000, 0x379f0000)
   the space 12288K,  33% used [0x339f0000, 0x33defb48, 0x33defc00, 0x345f0000)
    ro space 10240K,  42% used [0x379f0000, 0x37e30ce0, 0x37e30e00, 0x383f0000)
    rw space 12288K,  54% used [0x383f0000, 0x38a70e30, 0x38a71000, 0x38ff0000)
Event: 1.189 GC heap after
Heap after GC invocations=5 (full 0):
 def new generation   total 4928K, used 512K [0x239f0000, 0x23f40000, 0x28f40000)
  eden space 4416K,   0% used [0x239f0000, 0x239f0000, 0x23e40000)
  from space 512K, 100% used [0x23ec0000, 0x23f40000, 0x23f40000)
  to   space 512K,   0% used [0x23e40000, 0x23e40000, 0x23ec0000)
 tenured generation   total 10944K, used 4704K [0x28f40000, 0x299f0000, 0x339f0000)
   the space 10944K,  42% used [0x28f40000, 0x293d8000, 0x293d8000, 0x299f0000)
 compacting perm gen  total 12288K, used 4094K [0x339f0000, 0x345f0000, 0x379f0000)
   the space 12288K,  33% used [0x339f0000, 0x33defb48, 0x33defc00, 0x345f0000)
    ro space 10240K,  42% used [0x379f0000, 0x37e30ce0, 0x37e30e00, 0x383f0000)
    rw space 12288K,  54% used [0x383f0000, 0x38a70e30, 0x38a71000, 0x38ff0000)
}
Event: 1.856 GC heap before
{Heap before GC invocations=5 (full 0):
 def new generation   total 4928K, used 4928K [0x239f0000, 0x23f40000, 0x28f40000)
  eden space 4416K, 100% used [0x239f0000, 0x23e40000, 0x23e40000)
  from space 512K, 100% used [0x23ec0000, 0x23f40000, 0x23f40000)
  to   space 512K,   0% used [0x23e40000, 0x23e40000, 0x23ec0000)
 tenured generation   total 10944K, used 4704K [0x28f40000, 0x299f0000, 0x339f0000)
   the space 10944K,  42% used [0x28f40000, 0x293d8000, 0x293d8000, 0x299f0000)
 compacting perm gen  total 12288K, used 5289K [0x339f0000, 0x345f0000, 0x379f0000)
   the space 12288K,  43% used [0x339f0000, 0x33f1a748, 0x33f1a800, 0x345f0000)
    ro space 10240K,  42% used [0x379f0000, 0x37e30ce0, 0x37e30e00, 0x383f0000)
    rw space 12288K,  54% used [0x383f0000, 0x38a70e30, 0x38a71000, 0x38ff0000)
Event: 1.862 GC heap after
Heap after GC invocations=6 (full 0):
 def new generation   total 4928K, used 512K [0x239f0000, 0x23f40000, 0x28f40000)
  eden space 4416K,   0% used [0x239f0000, 0x239f0000, 0x23e40000)
  from space 512K, 100% used [0x23e40000, 0x23ec0000, 0x23ec0000)
  to   space 512K,   0% used [0x23ec0000, 0x23ec0000, 0x23f40000)
 tenured generation   total 10944K, used 5217K [0x28f40000, 0x299f0000, 0x339f0000)
   the space 10944K,  47% used [0x28f40000, 0x29458748, 0x29458800, 0x299f0000)
 compacting perm gen  total 12288K, used 5289K [0x339f0000, 0x345f0000, 0x379f0000)
   the space 12288K,  43% used [0x339f0000, 0x33f1a748, 0x33f1a800, 0x345f0000)
    ro space 10240K,  42% used [0x379f0000, 0x37e30ce0, 0x37e30e00, 0x383f0000)
    rw space 12288K,  54% used [0x383f0000, 0x38a70e30, 0x38a71000, 0x38ff0000)
}
Event: 11.537 GC heap before
{Heap before GC invocations=6 (full 0):
 def new generation   total 4928K, used 4471K [0x239f0000, 0x23f40000, 0x28f40000)
  eden space 4416K,  89% used [0x239f0000, 0x23dcde90, 0x23e40000)
  from space 512K, 100% used [0x23e40000, 0x23ec0000, 0x23ec0000)
  to   space 512K,   0% used [0x23ec0000, 0x23ec0000, 0x23f40000)
 tenured generation   total 10944K, used 5217K [0x28f40000, 0x299f0000, 0x339f0000)
   the space 10944K,  47% used [0x28f40000, 0x29458748, 0x29458800, 0x299f0000)
 compacting perm gen  total 12288K, used 5800K [0x339f0000, 0x345f0000, 0x379f0000)
   the space 12288K,  47% used [0x339f0000, 0x33f9a100, 0x33f9a200, 0x345f0000)
    ro space 10240K,  42% used [0x379f0000, 0x37e30ce0, 0x37e30e00, 0x383f0000)
    rw space 12288K,  54% used [0x383f0000, 0x38a70e30, 0x38a71000, 0x38ff0000)
Event: 11.577 GC heap after
Heap after GC invocations=7 (full 1):
 def new generation   total 4992K, used 0K [0x239f0000, 0x23f50000, 0x28f40000)
  eden space 4480K,   0% used [0x239f0000, 0x239f0000, 0x23e50000)
  from space 512K,   0% used [0x23e50000, 0x23e50000, 0x23ed0000)
  to   space 512K,   0% used [0x23ed0000, 0x23ed0000, 0x23f50000)
 tenured generation   total 10944K, used 5940K [0x28f40000, 0x299f0000, 0x339f0000)
   the space 10944K,  54% used [0x28f40000, 0x2950d3f8, 0x2950d400, 0x299f0000)
 compacting perm gen  total 12288K, used 5800K [0x339f0000, 0x345f0000, 0x379f0000)
   the space 12288K,  47% used [0x339f0000, 0x33f9a100, 0x33f9a200, 0x345f0000)
    ro space 10240K,  42% used [0x379f0000, 0x37e30ce0, 0x37e30e00, 0x383f0000)
    rw space 12288K,  54% used [0x383f0000, 0x38a70e30, 0x38a71000, 0x38ff0000)
}
Event: 22.685 GC heap before
{Heap before GC invocations=7 (full 1):
 def new generation   total 4992K, used 1978K [0x239f0000, 0x23f50000, 0x28f40000)
  eden space 4480K,  44% used [0x239f0000, 0x23bdea88, 0x23e50000)
  from space 512K,   0% used [0x23e50000, 0x23e50000, 0x23ed0000)
  to   space 512K,   0% used [0x23ed0000, 0x23ed0000, 0x23f50000)
 tenured generation   total 20948K, used 15941K [0x28f40000, 0x2a3b5000, 0x339f0000)
   the space 20948K,  76% used [0x28f40000, 0x29ed1408, 0x29ed1600, 0x2a3b5000)
 compacting perm gen  total 12288K, used 5856K [0x339f0000, 0x345f0000, 0x379f0000)
   the space 12288K,  47% used [0x339f0000, 0x33fa82a0, 0x33fa8400, 0x345f0000)
    ro space 10240K,  42% used [0x379f0000, 0x37e30ce0, 0x37e30e00, 0x383f0000)
    rw space 12288K,  54% used [0x383f0000, 0x38a70e30, 0x38a71000, 0x38ff0000)
Event: 22.722 GC heap after
Heap after GC invocations=8 (full 2):
 def new generation   total 9472K, used 0K [0x239f0000, 0x24430000, 0x28f40000)
  eden space 8448K,   0% used [0x239f0000, 0x239f0000, 0x24230000)
  from space 1024K,   0% used [0x24230000, 0x24230000, 0x24330000)
  to   space 1024K,   0% used [0x24330000, 0x24330000, 0x24430000)
 tenured generation   total 20948K, used 4966K [0x28f40000, 0x2a3b5000, 0x339f0000)
   the space 20948K,  23% used [0x28f40000, 0x29419838, 0x29419a00, 0x2a3b5000)
 compacting perm gen  total 12288K, used 5856K [0x339f0000, 0x345f0000, 0x379f0000)
   the space 12288K,  47% used [0x339f0000, 0x33fa82a0, 0x33fa8400, 0x345f0000)
    ro space 10240K,  42% used [0x379f0000, 0x37e30ce0, 0x37e30e00, 0x383f0000)
    rw space 12288K,  54% used [0x383f0000, 0x38a70e30, 0x38a71000, 0x38ff0000)
}

Deoptimization events (0 events):
No events

Internal exceptions (10 events):
Event: 11.536 Thread 0x0771b800 Threw 0x23dca8f0 at C:\jdk7u1_32P\jdk7u11\hotspot\src\share\vm\prims\jni.cpp:1631
Event: 11.581 Thread 0x0771b800 Threw 0x239f0700 at C:\jdk7u1_32P\jdk7u11\hotspot\src\share\vm\prims\jvm.cpp:1166
Event: 11.582 Thread 0x0771b800 Threw 0x239f37b8 at C:\jdk7u1_32P\jdk7u11\hotspot\src\share\vm\prims\jvm.cpp:1166
Event: 11.582 Thread 0x0771b800 Threw 0x239fae28 at C:\jdk7u1_32P\jdk7u11\hotspot\src\share\vm\prims\jvm.cpp:1166
Event: 11.583 Thread 0x0771b800 Threw 0x239fd230 at C:\jdk7u1_32P\jdk7u11\hotspot\src\share\vm\prims\jvm.cpp:1166
Event: 11.583 Thread 0x0771b800 Threw 0x23a00470 at C:\jdk7u1_32P\jdk7u11\hotspot\src\share\vm\prims\jvm.cpp:1166
Event: 11.584 Thread 0x0771b800 Threw 0x23a079a0 at C:\jdk7u1_32P\jdk7u11\hotspot\src\share\vm\prims\jvm.cpp:1166
Event: 11.586 Thread 0x0771b800 Threw 0x23a2c9c8 at C:\jdk7u1_32P\jdk7u11\hotspot\src\share\vm\prims\jvm.cpp:1166
Event: 26.568 Thread 0x045ca000 Threw 0x23a594a8 at C:\jdk7u1_32P\jdk7u11\hotspot\src\share\vm\prims\jvm.cpp:1166
Event: 27.145 Thread 0x045ca000 Threw 0x23ce8c48 at C:\jdk7u1_32P\jdk7u11\hotspot\src\share\vm\prims\jvm.cpp:1166

Events (10 events):
Event: 27.017 Executing VM operation: RevokeBias
Event: 27.017 Executing VM operation: RevokeBias done
Event: 27.145 loading class 0x04602758
Event: 27.145 loading class 0x04602758 done
Event: 27.178 Executing VM operation: RevokeBias
Event: 27.178 Executing VM operation: RevokeBias done
Event: 27.231 Thread 0x07765800 Thread added: 0x07765800
Event: 27.231 Thread 0x07767400 Thread added: 0x07767400
Event: 27.232 Thread 0x07765800 Thread exited: 0x07765800
Event: 27.232 Thread 0x0771c000 Thread exited: 0x0771c000


Dynamic libraries:
0x00cc0000 - 0x00cef000 	D:\Program Files\Java\jre7\bin\javaw.exe
0x76ee0000 - 0x77047000 	C:\Windows\SYSTEM32\ntdll.dll
0x74960000 - 0x74a58000 	C:\Windows\system32\KERNEL32.DLL
0x74850000 - 0x7490d000 	C:\Windows\system32\KERNELBASE.dll
0x73940000 - 0x739e7000 	C:\Windows\system32\apphelp.dll
0x64f10000 - 0x65180000 	C:\Windows\AppPatch\AcLayers.DLL
0x75660000 - 0x75711000 	C:\Windows\system32\msvcrt.dll
0x75890000 - 0x759b1000 	C:\Windows\system32\USER32.dll
0x74c20000 - 0x74d2a000 	C:\Windows\system32\GDI32.dll
0x75ce0000 - 0x76da6000 	C:\Windows\system32\SHELL32.dll
0x75b70000 - 0x75bb0000 	C:\Windows\system32\SHLWAPI.dll
0x75c10000 - 0x75c9b000 	C:\Windows\system32\OLEAUT32.dll
0x72230000 - 0x72243000 	C:\Windows\SYSTEM32\MPR.dll
0x75030000 - 0x751df000 	C:\Windows\system32\SETUPAPI.dll
0x6cf80000 - 0x6cf83000 	C:\Windows\SYSTEM32\sfc.dll
0x738d0000 - 0x73930000 	C:\Windows\SYSTEM32\WINSPOOL.DRV
0x754d0000 - 0x755a2000 	C:\Windows\system32\RPCRT4.dll
0x751e0000 - 0x75316000 	C:\Windows\SYSTEM32\combase.dll
0x74800000 - 0x74846000 	C:\Windows\system32\CFGMGR32.dll
0x747e0000 - 0x747fe000 	C:\Windows\system32\DEVOBJ.dll
0x6dc00000 - 0x6dc0e000 	C:\Windows\SYSTEM32\sfc_os.DLL
0x75320000 - 0x7534b000 	C:\Windows\system32\IMM32.DLL
0x74d30000 - 0x74e0d000 	C:\Windows\system32\MSCTF.dll
0x755b0000 - 0x7565e000 	C:\Windows\system32\ADVAPI32.dll
0x728a0000 - 0x72a97000 	C:\Windows\WinSxS\x86_microsoft.windows.common-controls_6595b64144ccf1df_6.0.9200.16384_none_893961408605e985\COMCTL32.dll
0x75ca0000 - 0x75cd4000 	C:\Windows\SYSTEM32\sechost.dll
0x6e350000 - 0x6e40e000 	D:\Program Files\Java\jre7\bin\msvcr100.dll
0x6e000000 - 0x6e34c000 	D:\Program Files\Java\jre7\bin\client\jvm.dll
0x6ec80000 - 0x6ec88000 	C:\Windows\SYSTEM32\WSOCK32.dll
0x6fd80000 - 0x6fda1000 	C:\Windows\SYSTEM32\WINMM.dll
0x75a40000 - 0x75a46000 	C:\Windows\system32\PSAPI.DLL
0x75380000 - 0x753d0000 	C:\Windows\system32\WS2_32.dll
0x6fd50000 - 0x6fd7a000 	C:\Windows\SYSTEM32\WINMMBASE.dll
0x75370000 - 0x75378000 	C:\Windows\system32\NSI.dll
0x6dff0000 - 0x6dffc000 	D:\Program Files\Java\jre7\bin\verify.dll
0x6dfd0000 - 0x6dff0000 	D:\Program Files\Java\jre7\bin\java.dll
0x6dfb0000 - 0x6dfc3000 	D:\Program Files\Java\jre7\bin\zip.dll
0x53650000 - 0x53792000 	D:\Program Files\Java\jre7\bin\awt.dll
0x735d0000 - 0x73677000 	C:\Windows\system32\uxtheme.dll
0x10000000 - 0x1007a000 	C:\Program Files\kingsoft\kingsoft antivirus\kwsui.dll
0x75a50000 - 0x75b69000 	C:\Windows\system32\ole32.dll
0x73930000 - 0x73938000 	C:\Windows\SYSTEM32\VERSION.dll
0x05300000 - 0x05455000 	c:\program files\kingsoft\ksafe\ksfmon.dll
0x72c20000 - 0x72c39000 	C:\Windows\SYSTEM32\dwmapi.dll
0x743b0000 - 0x743b9000 	C:\Windows\SYSTEM32\CRYPTBASE.dll
0x74350000 - 0x743a1000 	C:\Windows\SYSTEM32\bcryptPrimitives.dll
0x759c0000 - 0x75a35000 	C:\Windows\SYSTEM32\shcore.dll
0x679c0000 - 0x679ea000 	D:\Program Files\Java\jre7\bin\fontmanager.dll
0x6df90000 - 0x6dfa4000 	D:\Program Files\Java\jre7\bin\net.dll
0x73ed0000 - 0x73f1a000 	C:\Windows\system32\mswsock.dll
0x6df80000 - 0x6df8f000 	D:\Program Files\Java\jre7\bin\nio.dll
0x66d30000 - 0x66ee5000 	C:\Windows\system32\d3d9.dll
0x61860000 - 0x626ce000 	C:\Windows\SYSTEM32\nvd3dum.dll
0x744d0000 - 0x7450f000 	C:\Windows\SYSTEM32\powrprof.dll
0x073b0000 - 0x074ba000 	C:\Program Files\NVIDIA Corporation\3D Vision\nvSCPAPI.dll
0x63d60000 - 0x63d84000 	D:\Program Files\Java\jre7\bin\dcpr.dll
0x74e10000 - 0x74e84000 	C:\Windows\SYSTEM32\clbcatq.dll
0x71710000 - 0x71856000 	C:\Windows\SYSTEM32\WindowsCodecs.dll
0x74520000 - 0x74531000 	C:\Windows\SYSTEM32\profapi.dll
0x63bb0000 - 0x63be1000 	D:\Program Files\Java\jre7\bin\t2k.dll
0x57220000 - 0x57572000 	C:\Windows\SYSTEM32\GooglePinyin2.ime
0x74650000 - 0x747d8000 	C:\Windows\system32\CRYPT32.dll
0x65330000 - 0x65344000 	C:\Windows\SYSTEM32\USP10.dll
0x74910000 - 0x74953000 	C:\Windows\system32\WINTRUST.dll
0x6eda0000 - 0x6eda6000 	C:\Windows\SYSTEM32\MSIMG32.dll
0x75720000 - 0x75883000 	C:\Windows\WinSxS\x86_microsoft.windows.gdiplus_6595b64144ccf1df_1.1.9200.16384_none_ba245425e0986353\gdiplus.dll
0x72590000 - 0x726b9000 	C:\Windows\SYSTEM32\dbghelp.dll
0x73d10000 - 0x73d2b000 	C:\Windows\SYSTEM32\USERENV.dll
0x74a60000 - 0x74c19000 	C:\Windows\system32\WININET.dll
0x745a0000 - 0x745b2000 	C:\Windows\system32\MSASN1.dll
0x74e90000 - 0x75030000 	C:\Windows\system32\iertutil.dll
0x737c0000 - 0x737e6000 	C:\Windows\SYSTEM32\ntmarta.dll
0x74320000 - 0x74343000 	C:\Windows\SYSTEM32\SspiCli.dll
0x6eb10000 - 0x6ec74000 	C:\Windows\System32\msxml3.dll
0x71a10000 - 0x71b6f000 	C:\Windows\SYSTEM32\DWrite.dll
0x73f20000 - 0x73f3a000 	C:\Windows\SYSTEM32\CRYPTSP.dll
0x73c40000 - 0x73c7e000 	C:\Windows\system32\rsaenh.dll
0x6d8f0000 - 0x6d8fa000 	D:\Program Files\Java\jre7\bin\management.dll
0x70570000 - 0x70580000 	C:\Windows\system32\napinsp.dll
0x70550000 - 0x70564000 	C:\Windows\system32\pnrpnsp.dll
0x72da0000 - 0x72db0000 	C:\Windows\system32\NLAapi.dll
0x73d60000 - 0x73dd5000 	C:\Windows\SYSTEM32\DNSAPI.dll
0x70540000 - 0x70549000 	C:\Windows\System32\winrnr.dll
0x70450000 - 0x70457000 	C:\Windows\System32\rasadhlp.dll
0x71d20000 - 0x71d40000 	C:\Windows\SYSTEM32\IPHLPAPI.DLL
0x71cd0000 - 0x71cd8000 	C:\Windows\SYSTEM32\WINNSI.DLL
0x71be0000 - 0x71c1f000 	C:\Windows\System32\fwpuclnt.dll
0x55c80000 - 0x55d0e000 	D:\Program Files\Java\jre7\bin\mlib_image.dll

VM Arguments:
jvm_args: -Dfile.encoding=UTF-8 
java_command: ekaiser.nzlov.ekaisermanage.main.ClientMain
Launcher Type: SUN_STANDARD

Environment Variables:
JAVA_HOME=D:\Program Files\Java\jdk1.7.0_05
CLASSPATH=.;D:\Program Files\Java\jdk1.7.0_05\lib\dt.jar;D:\Program Files\Java\jdk1.7.0_05\lib\tools.jar
PATH=D:/Program Files/Java/jre7/bin/client;D:/Program Files/Java/jre7/bin;D:/Program Files/Java/jre7/lib/i386;C:\Program Files\NVIDIA Corporation\PhysX\Common;C:\Windows\system32;C:\Windows;C:\Windows\System32\Wbem;C:\Windows\System32\WindowsPowerShell\v1.0\;D:\Program Files\Java\jdk1.7.0_05\bin;C:\Program Files\MySQL\MySQL Server 5.5\bin;D:\Program Files\eclipse;
USERNAME=nzlov
OS=Windows_NT
PROCESSOR_IDENTIFIER=x86 Family 6 Model 37 Stepping 5, GenuineIntel



---------------  S Y S T E M  ---------------

OS: Windows 8 Build 9200 

CPU:total 4 (2 cores per cpu, 2 threads per core) family 6 model 37 stepping 5, cmov, cx8, fxsr, mmx, sse, sse2, sse3, ssse3, sse4.1, sse4.2, popcnt, ht, tsc, tscinvbit

Memory: 4k page, physical 3136008k(961672k free), swap 6281736k(1668784k free)

vm_info: Java HotSpot(TM) Client VM (23.6-b04) for windows-x86 JRE (1.7.0_11-b21), built on Jan 12 2013 02:19:22 by "java_re" with unknown MS VC++:1600

time: Wed Jan 23 17:30:16 2013
elapsed time: 27 seconds

